#2026 03 16 15:58:49.833#Z#DEBUG#e5bee89f-2150-11f1-bfdc-eeee0a9ef7d2.capmapp-srv#flowable-async-job-executor-thread-9554#
[PollStageAppStatusExecution] 4c02895d-3716-40de-9411-f0f6e1f88a82 [2026-03-16T15:58:10.194316] Added process: "web" (STDOUT, API)#
#2026 03 16 15:58:49.833#Z#DEBUG#e5bee89f-2150-11f1-bfdc-eeee0a9ef7d2.capmapp-srv#flowable-async-job-executor-thread-9554#
[PollStageAppStatusExecution] 4c02895d-3716-40de-9411-f0f6e1f88a82 [2026-03-16T15:58:10.201466] Created app with guid 4c02895d-3716-40de-9411-f0f6e1f88a82 (STDOUT, API)#
#2026 03 16 15:58:49.833#Z#DEBUG#e5bee89f-2150-11f1-bfdc-eeee0a9ef7d2.capmapp-srv#flowable-async-job-executor-thread-9554#
[PollStageAppStatusExecution] 4c02895d-3716-40de-9411-f0f6e1f88a82 [2026-03-16T15:58:10.320389] Updating process: "web" (STDOUT, API)#
#2026 03 16 15:58:49.833#Z#DEBUG#e5bee89f-2150-11f1-bfdc-eeee0a9ef7d2.capmapp-srv#flowable-async-job-executor-thread-9554#
[PollStageAppStatusExecution] 4c02895d-3716-40de-9411-f0f6e1f88a82 [2026-03-16T15:58:10.386084] Scaling process: "web" (STDOUT, API)#
#2026 03 16 15:58:49.833#Z#DEBUG#e5bee89f-2150-11f1-bfdc-eeee0a9ef7d2.capmapp-srv#flowable-async-job-executor-thread-9554#
[PollStageAppStatusExecution] 4c02895d-3716-40de-9411-f0f6e1f88a82 [2026-03-16T15:58:30.373262] Uploading app package for app with guid 4c02895d-3716-40de-9411-f0f6e1f88a82 (STDOUT, API)#
#2026 03 16 15:58:49.833#Z#DEBUG#e5bee89f-2150-11f1-bfdc-eeee0a9ef7d2.capmapp-srv#flowable-async-job-executor-thread-9554#
[PollStageAppStatusExecution] 4c02895d-3716-40de-9411-f0f6e1f88a82 [2026-03-16T15:58:30.599108] Updated app with guid 4c02895d-3716-40de-9411-f0f6e1f88a82 ({"environment_variables"=>"[PRIVATE DATA HIDDEN]"}) (STDOUT, API)#
#2026 03 16 15:58:49.833#Z#DEBUG#e5bee89f-2150-11f1-bfdc-eeee0a9ef7d2.capmapp-srv#flowable-async-job-executor-thread-9554#
[PollStageAppStatusExecution] 4c02895d-3716-40de-9411-f0f6e1f88a82 [2026-03-16T15:58:39.945604] Creating build for app with guid 4c02895d-3716-40de-9411-f0f6e1f88a82 (STDOUT, API)#
#2026 03 16 15:58:49.833#Z#DEBUG#e5bee89f-2150-11f1-bfdc-eeee0a9ef7d2.capmapp-srv#flowable-async-job-executor-thread-9554#
[PollStageAppStatusExecution] 4c02895d-3716-40de-9411-f0f6e1f88a82 [2026-03-16T15:58:40.385955] Downloading nodejs_buildpack... (STDOUT, STG)#
#2026 03 16 15:58:49.833#Z#DEBUG#e5bee89f-2150-11f1-bfdc-eeee0a9ef7d2.capmapp-srv#flowable-async-job-executor-thread-9554#
[PollStageAppStatusExecution] 4c02895d-3716-40de-9411-f0f6e1f88a82 [2026-03-16T15:58:40.427544] Downloaded nodejs_buildpack (STDOUT, STG)#
#2026 03 16 15:58:49.833#Z#DEBUG#e5bee89f-2150-11f1-bfdc-eeee0a9ef7d2.capmapp-srv#flowable-async-job-executor-thread-9554#
[PollStageAppStatusExecution] 4c02895d-3716-40de-9411-f0f6e1f88a82 [2026-03-16T15:58:40.427618] Cell 684caff8-89cd-492b-be01-b3d0835f1763 creating container for instance 628f1cfb-2d26-41f6-a0cd-3c3b4858efb9 (STDOUT, STG)#
#2026 03 16 15:58:49.833#Z#DEBUG#e5bee89f-2150-11f1-bfdc-eeee0a9ef7d2.capmapp-srv#flowable-async-job-executor-thread-9554#
[PollStageAppStatusExecution] 4c02895d-3716-40de-9411-f0f6e1f88a82 [2026-03-16T15:58:41.297549] Security group rules were updated (STDOUT, STG)#
#2026 03 16 15:58:49.833#Z#DEBUG#e5bee89f-2150-11f1-bfdc-eeee0a9ef7d2.capmapp-srv#flowable-async-job-executor-thread-9554#
[PollStageAppStatusExecution] 4c02895d-3716-40de-9411-f0f6e1f88a82 [2026-03-16T15:58:41.394044] Cell 684caff8-89cd-492b-be01-b3d0835f1763 successfully created container for instance 628f1cfb-2d26-41f6-a0cd-3c3b4858efb9 (STDOUT, STG)#
#2026 03 16 15:58:49.833#Z#DEBUG#e5bee89f-2150-11f1-bfdc-eeee0a9ef7d2.capmapp-srv#flowable-async-job-executor-thread-9554#
[PollStageAppStatusExecution] 4c02895d-3716-40de-9411-f0f6e1f88a82 [2026-03-16T15:58:41.640096] Downloading app package... (STDOUT, STG)#
#2026 03 16 15:58:49.833#Z#DEBUG#e5bee89f-2150-11f1-bfdc-eeee0a9ef7d2.capmapp-srv#flowable-async-job-executor-thread-9554#
[PollStageAppStatusExecution] 4c02895d-3716-40de-9411-f0f6e1f88a82 [2026-03-16T15:58:42.430184] Downloaded app package (12.4M) (STDOUT, STG)#
#2026 03 16 15:58:49.833#Z#DEBUG#e5bee89f-2150-11f1-bfdc-eeee0a9ef7d2.capmapp-srv#flowable-async-job-executor-thread-9554#
[PollStageAppStatusExecution] 4c02895d-3716-40de-9411-f0f6e1f88a82 [2026-03-16T15:58:42.501240] -----> Nodejs Buildpack version 1.8.41 (STDOUT, STG)#
#2026 03 16 15:58:49.833#Z#DEBUG#e5bee89f-2150-11f1-bfdc-eeee0a9ef7d2.capmapp-srv#flowable-async-job-executor-thread-9554#
[PollStageAppStatusExecution] 4c02895d-3716-40de-9411-f0f6e1f88a82 [2026-03-16T15:58:42.757611] -----> Bootstrapping python (STDOUT, STG)#
#2026 03 16 15:58:49.833#Z#DEBUG#e5bee89f-2150-11f1-bfdc-eeee0a9ef7d2.capmapp-srv#flowable-async-job-executor-thread-9554#
[PollStageAppStatusExecution] 4c02895d-3716-40de-9411-f0f6e1f88a82 [2026-03-16T15:58:42.757630] -----> Installing python 3.11.14 (STDOUT, STG)#
#2026 03 16 15:58:49.833#Z#DEBUG#e5bee89f-2150-11f1-bfdc-eeee0a9ef7d2.capmapp-srv#flowable-async-job-executor-thread-9554#
[PollStageAppStatusExecution] 4c02895d-3716-40de-9411-f0f6e1f88a82 [2026-03-16T15:58:42.757773] Copy [/tmp/buildpacks/dfa36c7d15e4ae2c/dependencies/c334a3cd7ccf4e78ab45ef5e33dcd936/python_3.11.14_linux_x64_cflinuxfs4_5d0a9d8b.tgz] (STDOUT, STG)#
#2026 03 16 15:58:49.833#Z#DEBUG#e5bee89f-2150-11f1-bfdc-eeee0a9ef7d2.capmapp-srv#flowable-async-job-executor-thread-9554#
[PollStageAppStatusExecution] 4c02895d-3716-40de-9411-f0f6e1f88a82 [2026-03-16T15:58:45.909654] -----> Installing binaries (STDOUT, STG)#
#2026 03 16 15:58:49.833#Z#DEBUG#e5bee89f-2150-11f1-bfdc-eeee0a9ef7d2.capmapp-srv#flowable-async-job-executor-thread-9554#
[PollStageAppStatusExecution] 4c02895d-3716-40de-9411-f0f6e1f88a82 [2026-03-16T15:58:45.909957] engines.node (package.json): >=20 (STDOUT, STG)#
#2026 03 16 15:58:49.833#Z#DEBUG#e5bee89f-2150-11f1-bfdc-eeee0a9ef7d2.capmapp-srv#flowable-async-job-executor-thread-9554#
[PollStageAppStatusExecution] 4c02895d-3716-40de-9411-f0f6e1f88a82 [2026-03-16T15:58:45.909979] engines.npm (package.json): unspecified (use default) (STDOUT, STG)#
#2026 03 16 15:58:49.833#Z#DEBUG#e5bee89f-2150-11f1-bfdc-eeee0a9ef7d2.capmapp-srv#flowable-async-job-executor-thread-9554#
[PollStageAppStatusExecution] 4c02895d-3716-40de-9411-f0f6e1f88a82 [2026-03-16T15:58:45.909986] [31;1m**WARNING**[0m Dangerous semver range (>) in engines.node. See: http://docs.cloudfoundry.org/buildpacks/node/node-tips.html (STDOUT, STG)#
#2026 03 16 15:58:49.833#Z#DEBUG#e5bee89f-2150-11f1-bfdc-eeee0a9ef7d2.capmapp-srv#flowable-async-job-executor-thread-9554#
[PollStageAppStatusExecution] 4c02895d-3716-40de-9411-f0f6e1f88a82 [2026-03-16T15:58:45.910090] -----> Installing node 24.10.0 (STDOUT, STG)#
#2026 03 16 15:58:49.833#Z#DEBUG#e5bee89f-2150-11f1-bfdc-eeee0a9ef7d2.capmapp-srv#flowable-async-job-executor-thread-9554#
[PollStageAppStatusExecution] 4c02895d-3716-40de-9411-f0f6e1f88a82 [2026-03-16T15:58:45.910366] Copy [/tmp/buildpacks/dfa36c7d15e4ae2c/dependencies/76b43d53a24b11f13cf8c7ae8858e73f/node_24.10.0_linux_x64_cflinuxfs4_11fdc5e5.tgz] (STDOUT, STG)#
#2026 03 16 15:58:49.833#Z#DEBUG#e5bee89f-2150-11f1-bfdc-eeee0a9ef7d2.capmapp-srv#flowable-async-job-executor-thread-9554#
[PollStageAppStatusExecution] 4c02895d-3716-40de-9411-f0f6e1f88a82 [2026-03-16T15:58:47.905419] Using default npm version: 11.6.1 (STDOUT, STG)#
#2026 03 16 15:58:49.833#Z#DEBUG#e5bee89f-2150-11f1-bfdc-eeee0a9ef7d2.capmapp-srv#flowable-async-job-executor-thread-9554#
[PollStageAppStatusExecution] 4c02895d-3716-40de-9411-f0f6e1f88a82 [2026-03-16T15:58:47.905441] -----> Installing yarn 1.22.22 (STDOUT, STG)#
#2026 03 16 15:58:49.833#Z#DEBUG#e5bee89f-2150-11f1-bfdc-eeee0a9ef7d2.capmapp-srv#flowable-async-job-executor-thread-9554#
[PollStageAppStatusExecution] 4c02895d-3716-40de-9411-f0f6e1f88a82 [2026-03-16T15:58:47.905504] Copy [/tmp/buildpacks/dfa36c7d15e4ae2c/dependencies/e3a39aedd1236924d69cc2d0637a8ed2/yarn_1.22.22_linux_noarch_any-stack_4911d0a6.tgz] (STDOUT, STG)#
#2026 03 16 15:58:49.833#Z#DEBUG#e5bee89f-2150-11f1-bfdc-eeee0a9ef7d2.capmapp-srv#flowable-async-job-executor-thread-9554#
[PollStageAppStatusExecution] 4c02895d-3716-40de-9411-f0f6e1f88a82 [2026-03-16T15:58:48.167800] Installed yarn 1.22.22 (STDOUT, STG)#
#2026 03 16 15:58:49.833#Z#DEBUG#e5bee89f-2150-11f1-bfdc-eeee0a9ef7d2.capmapp-srv#flowable-async-job-executor-thread-9554#
[PollStageAppStatusExecution] 4c02895d-3716-40de-9411-f0f6e1f88a82 [2026-03-16T15:58:48.167826] -----> Creating runtime environment (STDOUT, STG)#
#2026 03 16 15:58:49.833#Z#DEBUG#e5bee89f-2150-11f1-bfdc-eeee0a9ef7d2.capmapp-srv#flowable-async-job-executor-thread-9554#
[PollStageAppStatusExecution] 4c02895d-3716-40de-9411-f0f6e1f88a82 [2026-03-16T15:58:48.169472] NODE_ENV=production (STDOUT, STG)#
#2026 03 16 15:58:49.833#Z#DEBUG#e5bee89f-2150-11f1-bfdc-eeee0a9ef7d2.capmapp-srv#flowable-async-job-executor-thread-9554#
[PollStageAppStatusExecution] 4c02895d-3716-40de-9411-f0f6e1f88a82 [2026-03-16T15:58:48.169488] NODE_HOME=/tmp/contents1054212759/deps/0/node (STDOUT, STG)#
#2026 03 16 15:58:49.833#Z#DEBUG#e5bee89f-2150-11f1-bfdc-eeee0a9ef7d2.capmapp-srv#flowable-async-job-executor-thread-9554#
[PollStageAppStatusExecution] 4c02895d-3716-40de-9411-f0f6e1f88a82 [2026-03-16T15:58:48.169492] NODE_MODULES_CACHE=true (STDOUT, STG)#
#2026 03 16 15:58:49.833#Z#DEBUG#e5bee89f-2150-11f1-bfdc-eeee0a9ef7d2.capmapp-srv#flowable-async-job-executor-thread-9554#
[PollStageAppStatusExecution] 4c02895d-3716-40de-9411-f0f6e1f88a82 [2026-03-16T15:58:48.169496] NODE_VERBOSE=false (STDOUT, STG)#
#2026 03 16 15:58:49.833#Z#DEBUG#e5bee89f-2150-11f1-bfdc-eeee0a9ef7d2.capmapp-srv#flowable-async-job-executor-thread-9554#
[PollStageAppStatusExecution] 4c02895d-3716-40de-9411-f0f6e1f88a82 [2026-03-16T15:58:48.169500] NPM_CONFIG_LOGLEVEL=error (STDOUT, STG)#
#2026 03 16 15:58:49.833#Z#DEBUG#e5bee89f-2150-11f1-bfdc-eeee0a9ef7d2.capmapp-srv#flowable-async-job-executor-thread-9554#
[PollStageAppStatusExecution] 4c02895d-3716-40de-9411-f0f6e1f88a82 [2026-03-16T15:58:48.169506] NPM_CONFIG_PRODUCTION=true (STDOUT, STG)#
#2026 03 16 15:58:49.833#Z#DEBUG#e5bee89f-2150-11f1-bfdc-eeee0a9ef7d2.capmapp-srv#flowable-async-job-executor-thread-9554#
[PollStageAppStatusExecution] 4c02895d-3716-40de-9411-f0f6e1f88a82 [2026-03-16T15:58:48.169509] -----> Building dependencies (STDOUT, STG)#
#2026 03 16 15:58:49.833#Z#DEBUG#e5bee89f-2150-11f1-bfdc-eeee0a9ef7d2.capmapp-srv#flowable-async-job-executor-thread-9554#
[PollStageAppStatusExecution] 4c02895d-3716-40de-9411-f0f6e1f88a82 [2026-03-16T15:58:48.169512] Prebuild detected (node_modules already exists) (STDOUT, STG)#
#2026 03 16 15:58:49.833#Z#DEBUG#e5bee89f-2150-11f1-bfdc-eeee0a9ef7d2.capmapp-srv#flowable-async-job-executor-thread-9554#
[PollStageAppStatusExecution] 4c02895d-3716-40de-9411-f0f6e1f88a82 [2026-03-16T15:58:48.169615] Rebuilding any native modules (STDOUT, STG)#
#2026 03 16 15:58:49.833#Z#DEBUG#e5bee89f-2150-11f1-bfdc-eeee0a9ef7d2.capmapp-srv#flowable-async-job-executor-thread-9554#
[PollStageAppStatusExecution] 4c02895d-3716-40de-9411-f0f6e1f88a82 [2026-03-16T15:58:49.023674] rebuilt dependencies successfully (STDOUT, STG)#
#2026 03 16 15:58:49.833#Z#DEBUG#e5bee89f-2150-11f1-bfdc-eeee0a9ef7d2.capmapp-srv#flowable-async-job-executor-thread-9554#
[PollStageAppStatusExecution] 4c02895d-3716-40de-9411-f0f6e1f88a82 [2026-03-16T15:58:49.025260] npm notice (STDOUT, STG)#
#2026 03 16 15:58:49.833#Z#DEBUG#e5bee89f-2150-11f1-bfdc-eeee0a9ef7d2.capmapp-srv#flowable-async-job-executor-thread-9554#
[PollStageAppStatusExecution] 4c02895d-3716-40de-9411-f0f6e1f88a82 [2026-03-16T15:58:49.025278] npm notice New minor version of npm available! 11.6.1 -> 11.11.1 (STDOUT, STG)#
#2026 03 16 15:58:49.833#Z#DEBUG#e5bee89f-2150-11f1-bfdc-eeee0a9ef7d2.capmapp-srv#flowable-async-job-executor-thread-9554#
[PollStageAppStatusExecution] 4c02895d-3716-40de-9411-f0f6e1f88a82 [2026-03-16T15:58:49.025287] npm notice Changelog: https://github.com/npm/cli/releases/tag/v11.11.1 (STDOUT, STG)#
#2026 03 16 15:58:49.833#Z#DEBUG#e5bee89f-2150-11f1-bfdc-eeee0a9ef7d2.capmapp-srv#flowable-async-job-executor-thread-9554#
[PollStageAppStatusExecution] 4c02895d-3716-40de-9411-f0f6e1f88a82 [2026-03-16T15:58:49.025294] npm notice To update run: npm install -g npm@11.11.1 (STDOUT, STG)#
#2026 03 16 15:58:49.833#Z#DEBUG#e5bee89f-2150-11f1-bfdc-eeee0a9ef7d2.capmapp-srv#flowable-async-job-executor-thread-9554#
[PollStageAppStatusExecution] 4c02895d-3716-40de-9411-f0f6e1f88a82 [2026-03-16T15:58:49.025297] npm notice (STDOUT, STG)#
#2026 03 16 15:58:49.833#Z#DEBUG#e5bee89f-2150-11f1-bfdc-eeee0a9ef7d2.capmapp-srv#flowable-async-job-executor-thread-9554#
[PollStageAppStatusExecution] 4c02895d-3716-40de-9411-f0f6e1f88a82 [2026-03-16T15:58:49.086512] Installing any new modules (package.json + package-lock.json) (STDOUT, STG)#
#2026 03 16 15:58:59.889#Z#DEBUG#e5bee89f-2150-11f1-bfdc-eeee0a9ef7d2.capmapp-srv#flowable-async-job-executor-thread-9557#
[PollStageAppStatusExecution] 4c02895d-3716-40de-9411-f0f6e1f88a82 [2026-03-16T15:58:49.772967] removed 7 packages in 625ms (STDOUT, STG)#
#2026 03 16 15:58:59.889#Z#DEBUG#e5bee89f-2150-11f1-bfdc-eeee0a9ef7d2.capmapp-srv#flowable-async-job-executor-thread-9557#
[PollStageAppStatusExecution] 4c02895d-3716-40de-9411-f0f6e1f88a82 [2026-03-16T15:58:49.773142] 39 packages are looking for funding (STDOUT, STG)#
#2026 03 16 15:58:59.889#Z#DEBUG#e5bee89f-2150-11f1-bfdc-eeee0a9ef7d2.capmapp-srv#flowable-async-job-executor-thread-9557#
[PollStageAppStatusExecution] 4c02895d-3716-40de-9411-f0f6e1f88a82 [2026-03-16T15:58:49.773168] run `npm fund` for details (STDOUT, STG)#
#2026 03 16 15:58:59.889#Z#DEBUG#e5bee89f-2150-11f1-bfdc-eeee0a9ef7d2.capmapp-srv#flowable-async-job-executor-thread-9557#
[PollStageAppStatusExecution] 4c02895d-3716-40de-9411-f0f6e1f88a82 [2026-03-16T15:58:50.865709] Contrast Security no credentials found. Will not write environment files. (STDOUT, STG)#
#2026 03 16 15:59:09.922#Z#DEBUG#e5bee89f-2150-11f1-bfdc-eeee0a9ef7d2.capmapp-srv#flowable-async-job-executor-thread-9569#
[PollStageAppStatusExecution] 4c02895d-3716-40de-9411-f0f6e1f88a82 [2026-03-16T15:59:00.007748] Exit status 0 (STDOUT, STG)#
#2026 03 16 15:59:09.922#Z#DEBUG#e5bee89f-2150-11f1-bfdc-eeee0a9ef7d2.capmapp-srv#flowable-async-job-executor-thread-9569#
[PollStageAppStatusExecution] 4c02895d-3716-40de-9411-f0f6e1f88a82 [2026-03-16T15:59:00.007792] Uploading droplet, build artifacts cache... (STDOUT, STG)#
#2026 03 16 15:59:09.922#Z#DEBUG#e5bee89f-2150-11f1-bfdc-eeee0a9ef7d2.capmapp-srv#flowable-async-job-executor-thread-9569#
[PollStageAppStatusExecution] 4c02895d-3716-40de-9411-f0f6e1f88a82 [2026-03-16T15:59:00.007827] Uploading build artifacts cache... (STDOUT, STG)#
#2026 03 16 15:59:09.922#Z#DEBUG#e5bee89f-2150-11f1-bfdc-eeee0a9ef7d2.capmapp-srv#flowable-async-job-executor-thread-9569#
[PollStageAppStatusExecution] 4c02895d-3716-40de-9411-f0f6e1f88a82 [2026-03-16T15:59:00.007853] Uploading droplet... (STDOUT, STG)#
#2026 03 16 15:59:09.922#Z#DEBUG#e5bee89f-2150-11f1-bfdc-eeee0a9ef7d2.capmapp-srv#flowable-async-job-executor-thread-9569#
[PollStageAppStatusExecution] 4c02895d-3716-40de-9411-f0f6e1f88a82 [2026-03-16T15:59:00.037636] Uploaded build artifacts cache (221B) (STDOUT, STG)#
#2026 03 16 15:59:09.922#Z#DEBUG#e5bee89f-2150-11f1-bfdc-eeee0a9ef7d2.capmapp-srv#flowable-async-job-executor-thread-9569#
[PollStageAppStatusExecution] 4c02895d-3716-40de-9411-f0f6e1f88a82 [2026-03-16T15:59:00.698245] Creating droplet for app with guid 4c02895d-3716-40de-9411-f0f6e1f88a82 (STDOUT, API)#
#2026 03 16 15:59:09.922#Z#DEBUG#e5bee89f-2150-11f1-bfdc-eeee0a9ef7d2.capmapp-srv#flowable-async-job-executor-thread-9569#
[PollStageAppStatusExecution] 4c02895d-3716-40de-9411-f0f6e1f88a82 [2026-03-16T15:59:02.773434] Uploaded droplet (69M) (STDOUT, STG)#
#2026 03 16 15:59:09.922#Z#DEBUG#e5bee89f-2150-11f1-bfdc-eeee0a9ef7d2.capmapp-srv#flowable-async-job-executor-thread-9569#
[PollStageAppStatusExecution] 4c02895d-3716-40de-9411-f0f6e1f88a82 [2026-03-16T15:59:02.791377] Uploading complete (STDOUT, STG)#
#2026 03 16 15:59:09.922#Z#DEBUG#e5bee89f-2150-11f1-bfdc-eeee0a9ef7d2.capmapp-srv#flowable-async-job-executor-thread-9569#
[PollStageAppStatusExecution] 4c02895d-3716-40de-9411-f0f6e1f88a82 [2026-03-16T15:59:03.315415] Cell 684caff8-89cd-492b-be01-b3d0835f1763 stopping instance 628f1cfb-2d26-41f6-a0cd-3c3b4858efb9 (STDOUT, STG)#
#2026 03 16 15:59:09.922#Z#DEBUG#e5bee89f-2150-11f1-bfdc-eeee0a9ef7d2.capmapp-srv#flowable-async-job-executor-thread-9569#
[PollStageAppStatusExecution] 4c02895d-3716-40de-9411-f0f6e1f88a82 [2026-03-16T15:59:03.315455] Cell 684caff8-89cd-492b-be01-b3d0835f1763 destroying container for instance 628f1cfb-2d26-41f6-a0cd-3c3b4858efb9 (STDOUT, STG)#
#2026 03 16 15:59:09.922#Z#DEBUG#e5bee89f-2150-11f1-bfdc-eeee0a9ef7d2.capmapp-srv#flowable-async-job-executor-thread-9569#
[PollStageAppStatusExecution] 4c02895d-3716-40de-9411-f0f6e1f88a82 [2026-03-16T15:59:05.541816] Cell 684caff8-89cd-492b-be01-b3d0835f1763 successfully destroyed container for instance 628f1cfb-2d26-41f6-a0cd-3c3b4858efb9 (STDOUT, STG)#
#2026 03 16 15:59:20.117#Z#DEBUG#e5bee89f-2150-11f1-bfdc-eeee0a9ef7d2.capmapp-srv#flowable-async-job-executor-thread-9573#
[PollStartAppStatusExecution] 4c02895d-3716-40de-9411-f0f6e1f88a82 [2026-03-16T15:59:10.022276] Updated app with guid 4c02895d-3716-40de-9411-f0f6e1f88a82 ({:droplet_guid=>"9c97512b-5c7b-4b54-aa9c-15b60b145cf1"}) (STDOUT, API)#
#2026 03 16 15:59:20.117#Z#DEBUG#e5bee89f-2150-11f1-bfdc-eeee0a9ef7d2.capmapp-srv#flowable-async-job-executor-thread-9573#
[PollStartAppStatusExecution] 4c02895d-3716-40de-9411-f0f6e1f88a82 [2026-03-16T15:59:10.237054] Creating revision for app with guid 4c02895d-3716-40de-9411-f0f6e1f88a82 (STDOUT, API)#
#2026 03 16 15:59:20.117#Z#DEBUG#e5bee89f-2150-11f1-bfdc-eeee0a9ef7d2.capmapp-srv#flowable-async-job-executor-thread-9573#
[PollStartAppStatusExecution] 4c02895d-3716-40de-9411-f0f6e1f88a82 [2026-03-16T15:59:10.277677] Starting app with guid 4c02895d-3716-40de-9411-f0f6e1f88a82 (STDOUT, API)#
#2026 03 16 15:59:20.117#Z#DEBUG#e5bee89f-2150-11f1-bfdc-eeee0a9ef7d2.capmapp-srv#flowable-async-job-executor-thread-9573#
[PollStartAppStatusExecution] 4c02895d-3716-40de-9411-f0f6e1f88a82 [2026-03-16T15:59:10.479060] Cell c839c7b1-088e-41af-b9b7-66256aacd457 creating container for instance c283351d-ce86-4f6c-5135-7970 (STDOUT, CELL)#
#2026 03 16 15:59:20.117#Z#DEBUG#e5bee89f-2150-11f1-bfdc-eeee0a9ef7d2.capmapp-srv#flowable-async-job-executor-thread-9573#
[PollStartAppStatusExecution] 4c02895d-3716-40de-9411-f0f6e1f88a82 [2026-03-16T15:59:11.038858] Security group rules were updated (STDOUT, CELL)#
#2026 03 16 15:59:20.117#Z#DEBUG#e5bee89f-2150-11f1-bfdc-eeee0a9ef7d2.capmapp-srv#flowable-async-job-executor-thread-9573#
[PollStartAppStatusExecution] 4c02895d-3716-40de-9411-f0f6e1f88a82 [2026-03-16T15:59:11.127112] Cell c839c7b1-088e-41af-b9b7-66256aacd457 successfully created container for instance c283351d-ce86-4f6c-5135-7970 (STDOUT, CELL)#
#2026 03 16 15:59:20.117#Z#DEBUG#e5bee89f-2150-11f1-bfdc-eeee0a9ef7d2.capmapp-srv#flowable-async-job-executor-thread-9573#
[PollStartAppStatusExecution] 4c02895d-3716-40de-9411-f0f6e1f88a82 [2026-03-16T15:59:11.658233] Downloading droplet... (STDOUT, CELL)#
#2026 03 16 15:59:20.117#Z#DEBUG#e5bee89f-2150-11f1-bfdc-eeee0a9ef7d2.capmapp-srv#flowable-async-job-executor-thread-9573#
[PollStartAppStatusExecution] 4c02895d-3716-40de-9411-f0f6e1f88a82 [2026-03-16T15:59:14.992374] Downloaded droplet (69M) (STDOUT, CELL)#
#2026 03 16 15:59:20.117#Z#DEBUG#e5bee89f-2150-11f1-bfdc-eeee0a9ef7d2.capmapp-srv#flowable-async-job-executor-thread-9573#
[PollStartAppStatusExecution] 4c02895d-3716-40de-9411-f0f6e1f88a82 [2026-03-16T15:59:14.992679] Starting health monitoring of container (STDOUT, CELL)#
#2026 03 16 15:59:20.117#Z#DEBUG#e5bee89f-2150-11f1-bfdc-eeee0a9ef7d2.capmapp-srv#flowable-async-job-executor-thread-9573#
[PollStartAppStatusExecution] 4c02895d-3716-40de-9411-f0f6e1f88a82 [2026-03-16T15:59:15.071374] Invoking pre-start scripts. (STDOUT, APP/PROC/WEB)#
#2026 03 16 15:59:20.117#Z#DEBUG#e5bee89f-2150-11f1-bfdc-eeee0a9ef7d2.capmapp-srv#flowable-async-job-executor-thread-9573#
[PollStartAppStatusExecution] 4c02895d-3716-40de-9411-f0f6e1f88a82 [2026-03-16T15:59:15.247241] Invoking start command. (STDOUT, APP/PROC/WEB)#
#2026 03 16 15:59:20.117#Z#DEBUG#e5bee89f-2150-11f1-bfdc-eeee0a9ef7d2.capmapp-srv#flowable-async-job-executor-thread-9573#
[PollStartAppStatusExecution] 4c02895d-3716-40de-9411-f0f6e1f88a82 [2026-03-16T15:59:15.579152] > capmapp@1.0.0 start (STDOUT, APP/PROC/WEB)#
#2026 03 16 15:59:20.117#Z#DEBUG#e5bee89f-2150-11f1-bfdc-eeee0a9ef7d2.capmapp-srv#flowable-async-job-executor-thread-9573#
[PollStartAppStatusExecution] 4c02895d-3716-40de-9411-f0f6e1f88a82 [2026-03-16T15:59:15.579167] > node node_modules/@sap/approuter/approuter.js (STDOUT, APP/PROC/WEB)#
#2026 03 16 15:59:20.117#Z#DEBUG#e5bee89f-2150-11f1-bfdc-eeee0a9ef7d2.capmapp-srv#flowable-async-job-executor-thread-9573#
[PollStartAppStatusExecution] 4c02895d-3716-40de-9411-f0f6e1f88a82 [2026-03-16T15:59:15.609708] node:internal/modules/cjs/loader:1423 (STDERR, APP/PROC/WEB)#
#2026 03 16 15:59:20.117#Z#DEBUG#e5bee89f-2150-11f1-bfdc-eeee0a9ef7d2.capmapp-srv#flowable-async-job-executor-thread-9573#
[PollStartAppStatusExecution] 4c02895d-3716-40de-9411-f0f6e1f88a82 [2026-03-16T15:59:15.609726] throw err; (STDERR, APP/PROC/WEB)#
#2026 03 16 15:59:20.117#Z#DEBUG#e5bee89f-2150-11f1-bfdc-eeee0a9ef7d2.capmapp-srv#flowable-async-job-executor-thread-9573#
[PollStartAppStatusExecution] 4c02895d-3716-40de-9411-f0f6e1f88a82 [2026-03-16T15:59:15.609729] ^ (STDERR, APP/PROC/WEB)#
#2026 03 16 15:59:20.117#Z#DEBUG#e5bee89f-2150-11f1-bfdc-eeee0a9ef7d2.capmapp-srv#flowable-async-job-executor-thread-9573#
[PollStartAppStatusExecution] 4c02895d-3716-40de-9411-f0f6e1f88a82 [2026-03-16T15:59:15.609733] Error: Cannot find module '/home/vcap/app/node_modules/@sap/approuter/approuter.js' (STDERR, APP/PROC/WEB)#
#2026 03 16 15:59:20.117#Z#DEBUG#e5bee89f-2150-11f1-bfdc-eeee0a9ef7d2.capmapp-srv#flowable-async-job-executor-thread-9573#
[PollStartAppStatusExecution] 4c02895d-3716-40de-9411-f0f6e1f88a82 [2026-03-16T15:59:15.609736] at Module._resolveFilename (node:internal/modules/cjs/loader:1420:15) (STDERR, APP/PROC/WEB)#
#2026 03 16 15:59:20.117#Z#DEBUG#e5bee89f-2150-11f1-bfdc-eeee0a9ef7d2.capmapp-srv#flowable-async-job-executor-thread-9573#
[PollStartAppStatusExecution] 4c02895d-3716-40de-9411-f0f6e1f88a82 [2026-03-16T15:59:15.609749] at defaultResolveImpl (node:internal/modules/cjs/loader:1058:19) (STDERR, APP/PROC/WEB)#
#2026 03 16 15:59:20.117#Z#DEBUG#e5bee89f-2150-11f1-bfdc-eeee0a9ef7d2.capmapp-srv#flowable-async-job-executor-thread-9573#
[PollStartAppStatusExecution] 4c02895d-3716-40de-9411-f0f6e1f88a82 [2026-03-16T15:59:15.609751] at resolveForCJSWithHooks (node:internal/modules/cjs/loader:1063:22) (STDERR, APP/PROC/WEB)#
#2026 03 16 15:59:20.117#Z#DEBUG#e5bee89f-2150-11f1-bfdc-eeee0a9ef7d2.capmapp-srv#flowable-async-job-executor-thread-9573#
[PollStartAppStatusExecution] 4c02895d-3716-40de-9411-f0f6e1f88a82 [2026-03-16T15:59:15.609754] at Module._load (node:internal/modules/cjs/loader:1226:37) (STDERR, APP/PROC/WEB)#
#2026 03 16 15:59:20.117#Z#DEBUG#e5bee89f-2150-11f1-bfdc-eeee0a9ef7d2.capmapp-srv#flowable-async-job-executor-thread-9573#
[PollStartAppStatusExecution] 4c02895d-3716-40de-9411-f0f6e1f88a82 [2026-03-16T15:59:15.609755] at TracingChannel.traceSync (node:diagnostics_channel:328:14) (STDERR, APP/PROC/WEB)#
#2026 03 16 15:59:20.117#Z#DEBUG#e5bee89f-2150-11f1-bfdc-eeee0a9ef7d2.capmapp-srv#flowable-async-job-executor-thread-9573#
[PollStartAppStatusExecution] 4c02895d-3716-40de-9411-f0f6e1f88a82 [2026-03-16T15:59:15.609757] at wrapModuleLoad (node:internal/modules/cjs/loader:244:24) (STDERR, APP/PROC/WEB)#
#2026 03 16 15:59:20.117#Z#DEBUG#e5bee89f-2150-11f1-bfdc-eeee0a9ef7d2.capmapp-srv#flowable-async-job-executor-thread-9573#
[PollStartAppStatusExecution] 4c02895d-3716-40de-9411-f0f6e1f88a82 [2026-03-16T15:59:15.609759] at Module.executeUserEntryPoint [as runMain] (node:internal/modules/run_main:154:5) (STDERR, APP/PROC/WEB)#
#2026 03 16 15:59:20.117#Z#DEBUG#e5bee89f-2150-11f1-bfdc-eeee0a9ef7d2.capmapp-srv#flowable-async-job-executor-thread-9573#
[PollStartAppStatusExecution] 4c02895d-3716-40de-9411-f0f6e1f88a82 [2026-03-16T15:59:15.609774] at node:internal/main/run_main_module:33:47 { (STDERR, APP/PROC/WEB)#
#2026 03 16 15:59:20.117#Z#DEBUG#e5bee89f-2150-11f1-bfdc-eeee0a9ef7d2.capmapp-srv#flowable-async-job-executor-thread-9573#
[PollStartAppStatusExecution] 4c02895d-3716-40de-9411-f0f6e1f88a82 [2026-03-16T15:59:15.609777] code: 'MODULE_NOT_FOUND', (STDERR, APP/PROC/WEB)#
#2026 03 16 15:59:20.117#Z#DEBUG#e5bee89f-2150-11f1-bfdc-eeee0a9ef7d2.capmapp-srv#flowable-async-job-executor-thread-9573#
[PollStartAppStatusExecution] 4c02895d-3716-40de-9411-f0f6e1f88a82 [2026-03-16T15:59:15.609779] requireStack: [] (STDERR, APP/PROC/WEB)#
#2026 03 16 15:59:20.117#Z#DEBUG#e5bee89f-2150-11f1-bfdc-eeee0a9ef7d2.capmapp-srv#flowable-async-job-executor-thread-9573#
[PollStartAppStatusExecution] 4c02895d-3716-40de-9411-f0f6e1f88a82 [2026-03-16T15:59:15.609781] } (STDERR, APP/PROC/WEB)#
#2026 03 16 15:59:20.117#Z#DEBUG#e5bee89f-2150-11f1-bfdc-eeee0a9ef7d2.capmapp-srv#flowable-async-job-executor-thread-9573#
[PollStartAppStatusExecution] 4c02895d-3716-40de-9411-f0f6e1f88a82 [2026-03-16T15:59:15.609783] Node.js v24.10.0 (STDERR, APP/PROC/WEB)#
#2026 03 16 15:59:20.117#Z#DEBUG#e5bee89f-2150-11f1-bfdc-eeee0a9ef7d2.capmapp-srv#flowable-async-job-executor-thread-9573#
[PollStartAppStatusExecution] 4c02895d-3716-40de-9411-f0f6e1f88a82 [2026-03-16T15:59:15.680861] Exit status 1 (STDOUT, APP/PROC/WEB)#
#2026 03 16 15:59:30.236#Z#DEBUG#e5bee89f-2150-11f1-bfdc-eeee0a9ef7d2.capmapp-srv#flowable-async-job-executor-thread-8859#
[PollStartAppStatusExecution] 4c02895d-3716-40de-9411-f0f6e1f88a82 [2026-03-16T15:59:22.994414] Cell c839c7b1-088e-41af-b9b7-66256aacd457 stopping instance c283351d-ce86-4f6c-5135-7970 (STDOUT, CELL)#
#2026 03 16 15:59:30.237#Z#DEBUG#e5bee89f-2150-11f1-bfdc-eeee0a9ef7d2.capmapp-srv#flowable-async-job-executor-thread-8859#
[PollStartAppStatusExecution] 4c02895d-3716-40de-9411-f0f6e1f88a82 [2026-03-16T15:59:22.994444] Cell c839c7b1-088e-41af-b9b7-66256aacd457 destroying container for instance c283351d-ce86-4f6c-5135-7970 (STDOUT, CELL)#
#2026 03 16 15:59:30.237#Z#DEBUG#e5bee89f-2150-11f1-bfdc-eeee0a9ef7d2.capmapp-srv#flowable-async-job-executor-thread-8859#
[PollStartAppStatusExecution] 4c02895d-3716-40de-9411-f0f6e1f88a82 [2026-03-16T15:59:22.995706] Process has crashed with type: "web" (STDOUT, API)#
#2026 03 16 15:59:30.237#Z#DEBUG#e5bee89f-2150-11f1-bfdc-eeee0a9ef7d2.capmapp-srv#flowable-async-job-executor-thread-8859#
[PollStartAppStatusExecution] 4c02895d-3716-40de-9411-f0f6e1f88a82 [2026-03-16T15:59:23.009858] App instance exited with guid 4c02895d-3716-40de-9411-f0f6e1f88a82 payload: {"instance"=>"c283351d-ce86-4f6c-5135-7970", "index"=>0, "cell_id"=>"c839c7b1-088e-41af-b9b7-66256aacd457", "reason"=>"CRASHED", "exit_description"=>"APP/PROC/WEB: Exited with status 1", "crash_count"=>1, "crash_timestamp"=>1773676762969947168, "version"=>"cb1ce9a3-fb1e-4355-a805-4e846c91e243"} (STDOUT, API)#
#2026 03 16 15:59:30.237#Z#DEBUG#e5bee89f-2150-11f1-bfdc-eeee0a9ef7d2.capmapp-srv#flowable-async-job-executor-thread-8859#
[PollStartAppStatusExecution] 4c02895d-3716-40de-9411-f0f6e1f88a82 [2026-03-16T15:59:23.104939] Cell d1cc041a-d5a1-41d6-b9f6-6cda736ce3f0 creating container for instance ff7b11ad-8ae6-49cd-490a-4f1b (STDOUT, CELL)#
#2026 03 16 15:59:30.237#Z#DEBUG#e5bee89f-2150-11f1-bfdc-eeee0a9ef7d2.capmapp-srv#flowable-async-job-executor-thread-8859#
[PollStartAppStatusExecution] 4c02895d-3716-40de-9411-f0f6e1f88a82 [2026-03-16T15:59:23.125679] Exit status 137 (STDOUT, PROXY)#
#2026 03 16 15:59:30.237#Z#DEBUG#e5bee89f-2150-11f1-bfdc-eeee0a9ef7d2.capmapp-srv#flowable-async-job-executor-thread-8859#
[PollStartAppStatusExecution] 4c02895d-3716-40de-9411-f0f6e1f88a82 [2026-03-16T15:59:23.628078] Security group rules were updated (STDOUT, CELL)#
#2026 03 16 15:59:30.237#Z#DEBUG#e5bee89f-2150-11f1-bfdc-eeee0a9ef7d2.capmapp-srv#flowable-async-job-executor-thread-8859#
[PollStartAppStatusExecution] 4c02895d-3716-40de-9411-f0f6e1f88a82 [2026-03-16T15:59:23.709995] Cell d1cc041a-d5a1-41d6-b9f6-6cda736ce3f0 successfully created container for instance ff7b11ad-8ae6-49cd-490a-4f1b (STDOUT, CELL)#
#2026 03 16 15:59:30.237#Z#DEBUG#e5bee89f-2150-11f1-bfdc-eeee0a9ef7d2.capmapp-srv#flowable-async-job-executor-thread-8859#
[PollStartAppStatusExecution] 4c02895d-3716-40de-9411-f0f6e1f88a82 [2026-03-16T15:59:24.084703] Downloading droplet... (STDOUT, CELL)#
#2026 03 16 15:59:30.237#Z#DEBUG#e5bee89f-2150-11f1-bfdc-eeee0a9ef7d2.capmapp-srv#flowable-async-job-executor-thread-8859#
[PollStartAppStatusExecution] 4c02895d-3716-40de-9411-f0f6e1f88a82 [2026-03-16T15:59:25.570392] Cell c839c7b1-088e-41af-b9b7-66256aacd457 successfully destroyed container for instance c283351d-ce86-4f6c-5135-7970 (STDOUT, CELL)#
#2026 03 16 15:59:30.237#Z#DEBUG#e5bee89f-2150-11f1-bfdc-eeee0a9ef7d2.capmapp-srv#flowable-async-job-executor-thread-8859#
[PollStartAppStatusExecution] 4c02895d-3716-40de-9411-f0f6e1f88a82 [2026-03-16T15:59:27.436667] Downloaded droplet (69M) (STDOUT, CELL)#
#2026 03 16 15:59:30.237#Z#DEBUG#e5bee89f-2150-11f1-bfdc-eeee0a9ef7d2.capmapp-srv#flowable-async-job-executor-thread-8859#
[PollStartAppStatusExecution] 4c02895d-3716-40de-9411-f0f6e1f88a82 [2026-03-16T15:59:27.436811] Starting health monitoring of container (STDOUT, CELL)#
#2026 03 16 15:59:30.237#Z#DEBUG#e5bee89f-2150-11f1-bfdc-eeee0a9ef7d2.capmapp-srv#flowable-async-job-executor-thread-8859#
[PollStartAppStatusExecution] 4c02895d-3716-40de-9411-f0f6e1f88a82 [2026-03-16T15:59:27.517092] Invoking pre-start scripts. (STDOUT, APP/PROC/WEB)#
#2026 03 16 15:59:30.237#Z#DEBUG#e5bee89f-2150-11f1-bfdc-eeee0a9ef7d2.capmapp-srv#flowable-async-job-executor-thread-8859#
[PollStartAppStatusExecution] 4c02895d-3716-40de-9411-f0f6e1f88a82 [2026-03-16T15:59:27.689861] Invoking start command. (STDOUT, APP/PROC/WEB)#
#2026 03 16 15:59:30.237#Z#DEBUG#e5bee89f-2150-11f1-bfdc-eeee0a9ef7d2.capmapp-srv#flowable-async-job-executor-thread-8859#
[PollStartAppStatusExecution] 4c02895d-3716-40de-9411-f0f6e1f88a82 [2026-03-16T15:59:28.026733] > capmapp@1.0.0 start (STDOUT, APP/PROC/WEB)#
#2026 03 16 15:59:30.237#Z#DEBUG#e5bee89f-2150-11f1-bfdc-eeee0a9ef7d2.capmapp-srv#flowable-async-job-executor-thread-8859#
[PollStartAppStatusExecution] 4c02895d-3716-40de-9411-f0f6e1f88a82 [2026-03-16T15:59:28.026763] > node node_modules/@sap/approuter/approuter.js (STDOUT, APP/PROC/WEB)#
#2026 03 16 15:59:30.237#Z#DEBUG#e5bee89f-2150-11f1-bfdc-eeee0a9ef7d2.capmapp-srv#flowable-async-job-executor-thread-8859#
[PollStartAppStatusExecution] 4c02895d-3716-40de-9411-f0f6e1f88a82 [2026-03-16T15:59:28.057410] node:internal/modules/cjs/loader:1423 (STDERR, APP/PROC/WEB)#
#2026 03 16 15:59:30.237#Z#DEBUG#e5bee89f-2150-11f1-bfdc-eeee0a9ef7d2.capmapp-srv#flowable-async-job-executor-thread-8859#
[PollStartAppStatusExecution] 4c02895d-3716-40de-9411-f0f6e1f88a82 [2026-03-16T15:59:28.057440] throw err; (STDERR, APP/PROC/WEB)#
#2026 03 16 15:59:30.237#Z#DEBUG#e5bee89f-2150-11f1-bfdc-eeee0a9ef7d2.capmapp-srv#flowable-async-job-executor-thread-8859#
[PollStartAppStatusExecution] 4c02895d-3716-40de-9411-f0f6e1f88a82 [2026-03-16T15:59:28.057449] ^ (STDERR, APP/PROC/WEB)#
#2026 03 16 15:59:30.237#Z#DEBUG#e5bee89f-2150-11f1-bfdc-eeee0a9ef7d2.capmapp-srv#flowable-async-job-executor-thread-8859#
[PollStartAppStatusExecution] 4c02895d-3716-40de-9411-f0f6e1f88a82 [2026-03-16T15:59:28.057456] Error: Cannot find module '/home/vcap/app/node_modules/@sap/approuter/approuter.js' (STDERR, APP/PROC/WEB)#
#2026 03 16 15:59:30.237#Z#DEBUG#e5bee89f-2150-11f1-bfdc-eeee0a9ef7d2.capmapp-srv#flowable-async-job-executor-thread-8859#
[PollStartAppStatusExecution] 4c02895d-3716-40de-9411-f0f6e1f88a82 [2026-03-16T15:59:28.057460] at Module._resolveFilename (node:internal/modules/cjs/loader:1420:15) (STDERR, APP/PROC/WEB)#
#2026 03 16 15:59:30.237#Z#DEBUG#e5bee89f-2150-11f1-bfdc-eeee0a9ef7d2.capmapp-srv#flowable-async-job-executor-thread-8859#
[PollStartAppStatusExecution] 4c02895d-3716-40de-9411-f0f6e1f88a82 [2026-03-16T15:59:28.057463] at defaultResolveImpl (node:internal/modules/cjs/loader:1058:19) (STDERR, APP/PROC/WEB)#
#2026 03 16 15:59:30.237#Z#DEBUG#e5bee89f-2150-11f1-bfdc-eeee0a9ef7d2.capmapp-srv#flowable-async-job-executor-thread-8859#
[PollStartAppStatusExecution] 4c02895d-3716-40de-9411-f0f6e1f88a82 [2026-03-16T15:59:28.057466] at resolveForCJSWithHooks (node:internal/modules/cjs/loader:1063:22) (STDERR, APP/PROC/WEB)#
#2026 03 16 15:59:30.237#Z#DEBUG#e5bee89f-2150-11f1-bfdc-eeee0a9ef7d2.capmapp-srv#flowable-async-job-executor-thread-8859#
[PollStartAppStatusExecution] 4c02895d-3716-40de-9411-f0f6e1f88a82 [2026-03-16T15:59:28.057468] at Module._load (node:internal/modules/cjs/loader:1226:37) (STDERR, APP/PROC/WEB)#
#2026 03 16 15:59:30.237#Z#DEBUG#e5bee89f-2150-11f1-bfdc-eeee0a9ef7d2.capmapp-srv#flowable-async-job-executor-thread-8859#
[PollStartAppStatusExecution] 4c02895d-3716-40de-9411-f0f6e1f88a82 [2026-03-16T15:59:28.057471] at TracingChannel.traceSync (node:diagnostics_channel:328:14) (STDERR, APP/PROC/WEB)#
#2026 03 16 15:59:30.237#Z#DEBUG#e5bee89f-2150-11f1-bfdc-eeee0a9ef7d2.capmapp-srv#flowable-async-job-executor-thread-8859#
[PollStartAppStatusExecution] 4c02895d-3716-40de-9411-f0f6e1f88a82 [2026-03-16T15:59:28.057473] at wrapModuleLoad (node:internal/modules/cjs/loader:244:24) (STDERR, APP/PROC/WEB)#
#2026 03 16 15:59:30.237#Z#DEBUG#e5bee89f-2150-11f1-bfdc-eeee0a9ef7d2.capmapp-srv#flowable-async-job-executor-thread-8859#
[PollStartAppStatusExecution] 4c02895d-3716-40de-9411-f0f6e1f88a82 [2026-03-16T15:59:28.057475] at Module.executeUserEntryPoint [as runMain] (node:internal/modules/run_main:154:5) (STDERR, APP/PROC/WEB)#
#2026 03 16 15:59:30.237#Z#DEBUG#e5bee89f-2150-11f1-bfdc-eeee0a9ef7d2.capmapp-srv#flowable-async-job-executor-thread-8859#
[PollStartAppStatusExecution] 4c02895d-3716-40de-9411-f0f6e1f88a82 [2026-03-16T15:59:28.057477] at node:internal/main/run_main_module:33:47 { (STDERR, APP/PROC/WEB)#
#2026 03 16 15:59:30.237#Z#DEBUG#e5bee89f-2150-11f1-bfdc-eeee0a9ef7d2.capmapp-srv#flowable-async-job-executor-thread-8859#
[PollStartAppStatusExecution] 4c02895d-3716-40de-9411-f0f6e1f88a82 [2026-03-16T15:59:28.057480] code: 'MODULE_NOT_FOUND', (STDERR, APP/PROC/WEB)#
#2026 03 16 15:59:30.237#Z#DEBUG#e5bee89f-2150-11f1-bfdc-eeee0a9ef7d2.capmapp-srv#flowable-async-job-executor-thread-8859#
[PollStartAppStatusExecution] 4c02895d-3716-40de-9411-f0f6e1f88a82 [2026-03-16T15:59:28.057483] requireStack: [] (STDERR, APP/PROC/WEB)#
#2026 03 16 15:59:30.237#Z#DEBUG#e5bee89f-2150-11f1-bfdc-eeee0a9ef7d2.capmapp-srv#flowable-async-job-executor-thread-8859#
[PollStartAppStatusExecution] 4c02895d-3716-40de-9411-f0f6e1f88a82 [2026-03-16T15:59:28.057521] } (STDERR, APP/PROC/WEB)#
#2026 03 16 15:59:30.237#Z#DEBUG#e5bee89f-2150-11f1-bfdc-eeee0a9ef7d2.capmapp-srv#flowable-async-job-executor-thread-8859#
[PollStartAppStatusExecution] 4c02895d-3716-40de-9411-f0f6e1f88a82 [2026-03-16T15:59:28.057523] Node.js v24.10.0 (STDERR, APP/PROC/WEB)#
#2026 03 16 15:59:30.237#Z#DEBUG#e5bee89f-2150-11f1-bfdc-eeee0a9ef7d2.capmapp-srv#flowable-async-job-executor-thread-8859#
[PollStartAppStatusExecution] 4c02895d-3716-40de-9411-f0f6e1f88a82 [2026-03-16T15:59:28.123921] Exit status 1 (STDOUT, APP/PROC/WEB)#
#2026 03 16 15:59:40.219#Z#DEBUG#e5bee89f-2150-11f1-bfdc-eeee0a9ef7d2.capmapp-srv#flowable-async-job-executor-thread-8870#
[PollStartAppStatusExecution] 4c02895d-3716-40de-9411-f0f6e1f88a82 [2026-03-16T15:59:34.158331] Cell d1cc041a-d5a1-41d6-b9f6-6cda736ce3f0 stopping instance ff7b11ad-8ae6-49cd-490a-4f1b (STDOUT, CELL)#
#2026 03 16 15:59:40.219#Z#DEBUG#e5bee89f-2150-11f1-bfdc-eeee0a9ef7d2.capmapp-srv#flowable-async-job-executor-thread-8870#
[PollStartAppStatusExecution] 4c02895d-3716-40de-9411-f0f6e1f88a82 [2026-03-16T15:59:34.158372] Cell d1cc041a-d5a1-41d6-b9f6-6cda736ce3f0 destroying container for instance ff7b11ad-8ae6-49cd-490a-4f1b (STDOUT, CELL)#
#2026 03 16 15:59:40.219#Z#DEBUG#e5bee89f-2150-11f1-bfdc-eeee0a9ef7d2.capmapp-srv#flowable-async-job-executor-thread-8870#
[PollStartAppStatusExecution] 4c02895d-3716-40de-9411-f0f6e1f88a82 [2026-03-16T15:59:34.163670] Process has crashed with type: "web" (STDOUT, API)#
#2026 03 16 15:59:40.219#Z#DEBUG#e5bee89f-2150-11f1-bfdc-eeee0a9ef7d2.capmapp-srv#flowable-async-job-executor-thread-8870#
[PollStartAppStatusExecution] 4c02895d-3716-40de-9411-f0f6e1f88a82 [2026-03-16T15:59:34.173621] App instance exited with guid 4c02895d-3716-40de-9411-f0f6e1f88a82 payload: {"instance"=>"ff7b11ad-8ae6-49cd-490a-4f1b", "index"=>0, "cell_id"=>"d1cc041a-d5a1-41d6-b9f6-6cda736ce3f0", "reason"=>"CRASHED", "exit_description"=>"APP/PROC/WEB: Exited with status 1", "crash_count"=>2, "crash_timestamp"=>1773676774141744557, "version"=>"cb1ce9a3-fb1e-4355-a805-4e846c91e243"} (STDOUT, API)#
#2026 03 16 15:59:40.219#Z#DEBUG#e5bee89f-2150-11f1-bfdc-eeee0a9ef7d2.capmapp-srv#flowable-async-job-executor-thread-8870#
[PollStartAppStatusExecution] 4c02895d-3716-40de-9411-f0f6e1f88a82 [2026-03-16T15:59:34.270430] Cell c839c7b1-088e-41af-b9b7-66256aacd457 creating container for instance df2d5dff-feec-4211-4849-d2c3 (STDOUT, CELL)#
#2026 03 16 15:59:40.219#Z#DEBUG#e5bee89f-2150-11f1-bfdc-eeee0a9ef7d2.capmapp-srv#flowable-async-job-executor-thread-8870#
[PollStartAppStatusExecution] 4c02895d-3716-40de-9411-f0f6e1f88a82 [2026-03-16T15:59:34.292445] Exit status 137 (STDOUT, PROXY)#
#2026 03 16 15:59:40.219#Z#DEBUG#e5bee89f-2150-11f1-bfdc-eeee0a9ef7d2.capmapp-srv#flowable-async-job-executor-thread-8870#
[PollStartAppStatusExecution] 4c02895d-3716-40de-9411-f0f6e1f88a82 [2026-03-16T15:59:34.733792] Security group rules were updated (STDOUT, CELL)#
#2026 03 16 15:59:40.219#Z#DEBUG#e5bee89f-2150-11f1-bfdc-eeee0a9ef7d2.capmapp-srv#flowable-async-job-executor-thread-8870#
[PollStartAppStatusExecution] 4c02895d-3716-40de-9411-f0f6e1f88a82 [2026-03-16T15:59:34.837840] Cell c839c7b1-088e-41af-b9b7-66256aacd457 successfully created container for instance df2d5dff-feec-4211-4849-d2c3 (STDOUT, CELL)#
#2026 03 16 15:59:40.219#Z#DEBUG#e5bee89f-2150-11f1-bfdc-eeee0a9ef7d2.capmapp-srv#flowable-async-job-executor-thread-8870#
[PollStartAppStatusExecution] 4c02895d-3716-40de-9411-f0f6e1f88a82 [2026-03-16T15:59:35.441913] Downloading droplet... (STDOUT, CELL)#
#2026 03 16 15:59:40.219#Z#DEBUG#e5bee89f-2150-11f1-bfdc-eeee0a9ef7d2.capmapp-srv#flowable-async-job-executor-thread-8870#
[PollStartAppStatusExecution] 4c02895d-3716-40de-9411-f0f6e1f88a82 [2026-03-16T15:59:36.017792] Cell d1cc041a-d5a1-41d6-b9f6-6cda736ce3f0 successfully destroyed container for instance ff7b11ad-8ae6-49cd-490a-4f1b (STDOUT, CELL)#
#2026 03 16 15:59:40.219#Z#DEBUG#e5bee89f-2150-11f1-bfdc-eeee0a9ef7d2.capmapp-srv#flowable-async-job-executor-thread-8870#
[PollStartAppStatusExecution] 4c02895d-3716-40de-9411-f0f6e1f88a82 [2026-03-16T15:59:36.502071] Downloaded droplet (STDOUT, CELL)#
#2026 03 16 15:59:40.219#Z#DEBUG#e5bee89f-2150-11f1-bfdc-eeee0a9ef7d2.capmapp-srv#flowable-async-job-executor-thread-8870#
[PollStartAppStatusExecution] 4c02895d-3716-40de-9411-f0f6e1f88a82 [2026-03-16T15:59:36.502189] Starting health monitoring of container (STDOUT, CELL)#
#2026 03 16 15:59:40.219#Z#DEBUG#e5bee89f-2150-11f1-bfdc-eeee0a9ef7d2.capmapp-srv#flowable-async-job-executor-thread-8870#
[PollStartAppStatusExecution] 4c02895d-3716-40de-9411-f0f6e1f88a82 [2026-03-16T15:59:36.583036] Invoking pre-start scripts. (STDOUT, APP/PROC/WEB)#
#2026 03 16 15:59:40.219#Z#DEBUG#e5bee89f-2150-11f1-bfdc-eeee0a9ef7d2.capmapp-srv#flowable-async-job-executor-thread-8870#
[PollStartAppStatusExecution] 4c02895d-3716-40de-9411-f0f6e1f88a82 [2026-03-16T15:59:36.749236] Invoking start command. (STDOUT, APP/PROC/WEB)#
#2026 03 16 15:59:40.219#Z#DEBUG#e5bee89f-2150-11f1-bfdc-eeee0a9ef7d2.capmapp-srv#flowable-async-job-executor-thread-8870#
[PollStartAppStatusExecution] 4c02895d-3716-40de-9411-f0f6e1f88a82 [2026-03-16T15:59:37.095933] > capmapp@1.0.0 start (STDOUT, APP/PROC/WEB)#
#2026 03 16 15:59:40.219#Z#DEBUG#e5bee89f-2150-11f1-bfdc-eeee0a9ef7d2.capmapp-srv#flowable-async-job-executor-thread-8870#
[PollStartAppStatusExecution] 4c02895d-3716-40de-9411-f0f6e1f88a82 [2026-03-16T15:59:37.095957] > node node_modules/@sap/approuter/approuter.js (STDOUT, APP/PROC/WEB)#
#2026 03 16 15:59:40.219#Z#DEBUG#e5bee89f-2150-11f1-bfdc-eeee0a9ef7d2.capmapp-srv#flowable-async-job-executor-thread-8870#
[PollStartAppStatusExecution] 4c02895d-3716-40de-9411-f0f6e1f88a82 [2026-03-16T15:59:37.127318] node:internal/modules/cjs/loader:1423 (STDERR, APP/PROC/WEB)#
#2026 03 16 15:59:40.219#Z#DEBUG#e5bee89f-2150-11f1-bfdc-eeee0a9ef7d2.capmapp-srv#flowable-async-job-executor-thread-8870#
[PollStartAppStatusExecution] 4c02895d-3716-40de-9411-f0f6e1f88a82 [2026-03-16T15:59:37.127346] throw err; (STDERR, APP/PROC/WEB)#
#2026 03 16 15:59:40.219#Z#DEBUG#e5bee89f-2150-11f1-bfdc-eeee0a9ef7d2.capmapp-srv#flowable-async-job-executor-thread-8870#
[PollStartAppStatusExecution] 4c02895d-3716-40de-9411-f0f6e1f88a82 [2026-03-16T15:59:37.127350] ^ (STDERR, APP/PROC/WEB)#
#2026 03 16 15:59:40.219#Z#DEBUG#e5bee89f-2150-11f1-bfdc-eeee0a9ef7d2.capmapp-srv#flowable-async-job-executor-thread-8870#
[PollStartAppStatusExecution] 4c02895d-3716-40de-9411-f0f6e1f88a82 [2026-03-16T15:59:37.127354] Error: Cannot find module '/home/vcap/app/node_modules/@sap/approuter/approuter.js' (STDERR, APP/PROC/WEB)#
#2026 03 16 15:59:40.219#Z#DEBUG#e5bee89f-2150-11f1-bfdc-eeee0a9ef7d2.capmapp-srv#flowable-async-job-executor-thread-8870#
[PollStartAppStatusExecution] 4c02895d-3716-40de-9411-f0f6e1f88a82 [2026-03-16T15:59:37.127357] at Module._resolveFilename (node:internal/modules/cjs/loader:1420:15) (STDERR, APP/PROC/WEB)#
#2026 03 16 15:59:40.219#Z#DEBUG#e5bee89f-2150-11f1-bfdc-eeee0a9ef7d2.capmapp-srv#flowable-async-job-executor-thread-8870#
[PollStartAppStatusExecution] 4c02895d-3716-40de-9411-f0f6e1f88a82 [2026-03-16T15:59:37.127359] at defaultResolveImpl (node:internal/modules/cjs/loader:1058:19) (STDERR, APP/PROC/WEB)#
#2026 03 16 15:59:40.219#Z#DEBUG#e5bee89f-2150-11f1-bfdc-eeee0a9ef7d2.capmapp-srv#flowable-async-job-executor-thread-8870#
[PollStartAppStatusExecution] 4c02895d-3716-40de-9411-f0f6e1f88a82 [2026-03-16T15:59:37.127362] at resolveForCJSWithHooks (node:internal/modules/cjs/loader:1063:22) (STDERR, APP/PROC/WEB)#
#2026 03 16 15:59:40.219#Z#DEBUG#e5bee89f-2150-11f1-bfdc-eeee0a9ef7d2.capmapp-srv#flowable-async-job-executor-thread-8870#
[PollStartAppStatusExecution] 4c02895d-3716-40de-9411-f0f6e1f88a82 [2026-03-16T15:59:37.127368] at Module._load (node:internal/modules/cjs/loader:1226:37) (STDERR, APP/PROC/WEB)#
#2026 03 16 15:59:40.219#Z#DEBUG#e5bee89f-2150-11f1-bfdc-eeee0a9ef7d2.capmapp-srv#flowable-async-job-executor-thread-8870#
[PollStartAppStatusExecution] 4c02895d-3716-40de-9411-f0f6e1f88a82 [2026-03-16T15:59:37.127374] at TracingChannel.traceSync (node:diagnostics_channel:328:14) (STDERR, APP/PROC/WEB)#
#2026 03 16 15:59:40.219#Z#DEBUG#e5bee89f-2150-11f1-bfdc-eeee0a9ef7d2.capmapp-srv#flowable-async-job-executor-thread-8870#
[PollStartAppStatusExecution] 4c02895d-3716-40de-9411-f0f6e1f88a82 [2026-03-16T15:59:37.127377] at wrapModuleLoad (node:internal/modules/cjs/loader:244:24) (STDERR, APP/PROC/WEB)#
#2026 03 16 15:59:40.219#Z#DEBUG#e5bee89f-2150-11f1-bfdc-eeee0a9ef7d2.capmapp-srv#flowable-async-job-executor-thread-8870#
[PollStartAppStatusExecution] 4c02895d-3716-40de-9411-f0f6e1f88a82 [2026-03-16T15:59:37.127382] at Module.executeUserEntryPoint [as runMain] (node:internal/modules/run_main:154:5) (STDERR, APP/PROC/WEB)#
#2026 03 16 15:59:40.219#Z#DEBUG#e5bee89f-2150-11f1-bfdc-eeee0a9ef7d2.capmapp-srv#flowable-async-job-executor-thread-8870#
[PollStartAppStatusExecution] 4c02895d-3716-40de-9411-f0f6e1f88a82 [2026-03-16T15:59:37.127384] at node:internal/main/run_main_module:33:47 { (STDERR, APP/PROC/WEB)#
#2026 03 16 15:59:40.219#Z#DEBUG#e5bee89f-2150-11f1-bfdc-eeee0a9ef7d2.capmapp-srv#flowable-async-job-executor-thread-8870#
[PollStartAppStatusExecution] 4c02895d-3716-40de-9411-f0f6e1f88a82 [2026-03-16T15:59:37.127387] code: 'MODULE_NOT_FOUND', (STDERR, APP/PROC/WEB)#
#2026 03 16 15:59:40.219#Z#DEBUG#e5bee89f-2150-11f1-bfdc-eeee0a9ef7d2.capmapp-srv#flowable-async-job-executor-thread-8870#
[PollStartAppStatusExecution] 4c02895d-3716-40de-9411-f0f6e1f88a82 [2026-03-16T15:59:37.127390] requireStack: [] (STDERR, APP/PROC/WEB)#
#2026 03 16 15:59:40.219#Z#DEBUG#e5bee89f-2150-11f1-bfdc-eeee0a9ef7d2.capmapp-srv#flowable-async-job-executor-thread-8870#
[PollStartAppStatusExecution] 4c02895d-3716-40de-9411-f0f6e1f88a82 [2026-03-16T15:59:37.127392] } (STDERR, APP/PROC/WEB)#
#2026 03 16 15:59:40.219#Z#DEBUG#e5bee89f-2150-11f1-bfdc-eeee0a9ef7d2.capmapp-srv#flowable-async-job-executor-thread-8870#
[PollStartAppStatusExecution] 4c02895d-3716-40de-9411-f0f6e1f88a82 [2026-03-16T15:59:37.127394] Node.js v24.10.0 (STDERR, APP/PROC/WEB)#
#2026 03 16 15:59:40.219#Z#DEBUG#e5bee89f-2150-11f1-bfdc-eeee0a9ef7d2.capmapp-srv#flowable-async-job-executor-thread-8870#
[PollStartAppStatusExecution] 4c02895d-3716-40de-9411-f0f6e1f88a82 [2026-03-16T15:59:37.196502] Exit status 1 (STDOUT, APP/PROC/WEB)#
#2026 03 16 15:59:50.301#Z#DEBUG#e5bee89f-2150-11f1-bfdc-eeee0a9ef7d2.capmapp-srv#flowable-async-job-executor-thread-9603#
[PollStartAppStatusExecution] 4c02895d-3716-40de-9411-f0f6e1f88a82 [2026-03-16T15:59:43.604382] Cell c839c7b1-088e-41af-b9b7-66256aacd457 stopping instance df2d5dff-feec-4211-4849-d2c3 (STDOUT, CELL)#
#2026 03 16 15:59:50.301#Z#DEBUG#e5bee89f-2150-11f1-bfdc-eeee0a9ef7d2.capmapp-srv#flowable-async-job-executor-thread-9603#
[PollStartAppStatusExecution] 4c02895d-3716-40de-9411-f0f6e1f88a82 [2026-03-16T15:59:43.604415] Cell c839c7b1-088e-41af-b9b7-66256aacd457 destroying container for instance df2d5dff-feec-4211-4849-d2c3 (STDOUT, CELL)#
#2026 03 16 15:59:50.301#Z#DEBUG#e5bee89f-2150-11f1-bfdc-eeee0a9ef7d2.capmapp-srv#flowable-async-job-executor-thread-9603#
[PollStartAppStatusExecution] 4c02895d-3716-40de-9411-f0f6e1f88a82 [2026-03-16T15:59:43.642813] Process has crashed with type: "web" (STDOUT, API)#
#2026 03 16 15:59:50.301#Z#DEBUG#e5bee89f-2150-11f1-bfdc-eeee0a9ef7d2.capmapp-srv#flowable-async-job-executor-thread-9603#
[PollStartAppStatusExecution] 4c02895d-3716-40de-9411-f0f6e1f88a82 [2026-03-16T15:59:43.657095] App instance exited with guid 4c02895d-3716-40de-9411-f0f6e1f88a82 payload: {"instance"=>"df2d5dff-feec-4211-4849-d2c3", "index"=>0, "cell_id"=>"c839c7b1-088e-41af-b9b7-66256aacd457", "reason"=>"CRASHED", "exit_description"=>"APP/PROC/WEB: Exited with status 1", "crash_count"=>3, "crash_timestamp"=>1773676783601768177, "version"=>"cb1ce9a3-fb1e-4355-a805-4e846c91e243"} (STDOUT, API)#
#2026 03 16 15:59:50.301#Z#DEBUG#e5bee89f-2150-11f1-bfdc-eeee0a9ef7d2.capmapp-srv#flowable-async-job-executor-thread-9603#
[PollStartAppStatusExecution] 4c02895d-3716-40de-9411-f0f6e1f88a82 [2026-03-16T15:59:43.780838] Exit status 137 (STDOUT, PROXY)#
#2026 03 16 15:59:50.301#Z#DEBUG#e5bee89f-2150-11f1-bfdc-eeee0a9ef7d2.capmapp-srv#flowable-async-job-executor-thread-9603#
[PollStartAppStatusExecution] 4c02895d-3716-40de-9411-f0f6e1f88a82 [2026-03-16T15:59:45.853985] Cell c839c7b1-088e-41af-b9b7-66256aacd457 successfully destroyed container for instance df2d5dff-feec-4211-4849-d2c3 (STDOUT, CELL)#
#2026 03 16 16:00:00.429#Z#DEBUG#e5bee89f-2150-11f1-bfdc-eeee0a9ef7d2.capmapp-srv#flowable-async-job-executor-thread-8884#
[PollStartAppStatusExecution] 4c02895d-3716-40de-9411-f0f6e1f88a82 [2026-03-16T15:59:43.604382] Cell c839c7b1-088e-41af-b9b7-66256aacd457 stopping instance df2d5dff-feec-4211-4849-d2c3 (STDOUT, CELL)#
#2026 03 16 16:00:00.429#Z#DEBUG#e5bee89f-2150-11f1-bfdc-eeee0a9ef7d2.capmapp-srv#flowable-async-job-executor-thread-8884#
[PollStartAppStatusExecution] 4c02895d-3716-40de-9411-f0f6e1f88a82 [2026-03-16T15:59:43.604415] Cell c839c7b1-088e-41af-b9b7-66256aacd457 destroying container for instance df2d5dff-feec-4211-4849-d2c3 (STDOUT, CELL)#
#2026 03 16 16:00:00.429#Z#DEBUG#e5bee89f-2150-11f1-bfdc-eeee0a9ef7d2.capmapp-srv#flowable-async-job-executor-thread-8884#
[PollStartAppStatusExecution] 4c02895d-3716-40de-9411-f0f6e1f88a82 [2026-03-16T15:59:43.642813] Process has crashed with type: "web" (STDOUT, API)#
#2026 03 16 16:00:00.429#Z#DEBUG#e5bee89f-2150-11f1-bfdc-eeee0a9ef7d2.capmapp-srv#flowable-async-job-executor-thread-8884#
[PollStartAppStatusExecution] 4c02895d-3716-40de-9411-f0f6e1f88a82 [2026-03-16T15:59:43.657095] App instance exited with guid 4c02895d-3716-40de-9411-f0f6e1f88a82 payload: {"instance"=>"df2d5dff-feec-4211-4849-d2c3", "index"=>0, "cell_id"=>"c839c7b1-088e-41af-b9b7-66256aacd457", "reason"=>"CRASHED", "exit_description"=>"APP/PROC/WEB: Exited with status 1", "crash_count"=>3, "crash_timestamp"=>1773676783601768177, "version"=>"cb1ce9a3-fb1e-4355-a805-4e846c91e243"} (STDOUT, API)#
#2026 03 16 16:00:00.429#Z#DEBUG#e5bee89f-2150-11f1-bfdc-eeee0a9ef7d2.capmapp-srv#flowable-async-job-executor-thread-8884#
[PollStartAppStatusExecution] 4c02895d-3716-40de-9411-f0f6e1f88a82 [2026-03-16T15:59:43.780838] Exit status 137 (STDOUT, PROXY)#
#2026 03 16 16:00:00.429#Z#DEBUG#e5bee89f-2150-11f1-bfdc-eeee0a9ef7d2.capmapp-srv#flowable-async-job-executor-thread-8884#
[PollStartAppStatusExecution] 4c02895d-3716-40de-9411-f0f6e1f88a82 [2026-03-16T15:59:45.853985] Cell c839c7b1-088e-41af-b9b7-66256aacd457 successfully destroyed container for instance df2d5dff-feec-4211-4849-d2c3 (STDOUT, CELL)#
#2026 03 16 16:00:00.429#Z#DEBUG#e5bee89f-2150-11f1-bfdc-eeee0a9ef7d2.capmapp-srv#flowable-async-job-executor-thread-8884#
[PollStartAppStatusExecution] 4c02895d-3716-40de-9411-f0f6e1f88a82 [2026-03-16T15:59:51.367308] Stopping app with guid 4c02895d-3716-40de-9411-f0f6e1f88a82 (STDOUT, API)#
#2026 03 16 16:00:00.429#Z#DEBUG#e5bee89f-2150-11f1-bfdc-eeee0a9ef7d2.capmapp-srv#flowable-async-job-executor-thread-8884#
[PollStartAppStatusExecution] 4c02895d-3716-40de-9411-f0f6e1f88a82 [2026-03-16T15:59:51.527260] Starting app with guid 4c02895d-3716-40de-9411-f0f6e1f88a82 (STDOUT, API)#
#2026 03 16 16:00:00.429#Z#DEBUG#e5bee89f-2150-11f1-bfdc-eeee0a9ef7d2.capmapp-srv#flowable-async-job-executor-thread-8884#
[PollStartAppStatusExecution] 4c02895d-3716-40de-9411-f0f6e1f88a82 [2026-03-16T15:59:51.714315] Cell 77283d80-dfa7-40ba-ba4e-265aef112085 creating container for instance 0e4cfa89-1424-49be-75e6-12c3 (STDOUT, CELL)#
#2026 03 16 16:00:00.429#Z#DEBUG#e5bee89f-2150-11f1-bfdc-eeee0a9ef7d2.capmapp-srv#flowable-async-job-executor-thread-8884#
[PollStartAppStatusExecution] 4c02895d-3716-40de-9411-f0f6e1f88a82 [2026-03-16T15:59:52.215949] Security group rules were updated (STDOUT, CELL)#
#2026 03 16 16:00:00.429#Z#DEBUG#e5bee89f-2150-11f1-bfdc-eeee0a9ef7d2.capmapp-srv#flowable-async-job-executor-thread-8884#
[PollStartAppStatusExecution] 4c02895d-3716-40de-9411-f0f6e1f88a82 [2026-03-16T15:59:52.288858] Cell 77283d80-dfa7-40ba-ba4e-265aef112085 successfully created container for instance 0e4cfa89-1424-49be-75e6-12c3 (STDOUT, CELL)#
#2026 03 16 16:00:00.429#Z#DEBUG#e5bee89f-2150-11f1-bfdc-eeee0a9ef7d2.capmapp-srv#flowable-async-job-executor-thread-8884#
[PollStartAppStatusExecution] 4c02895d-3716-40de-9411-f0f6e1f88a82 [2026-03-16T15:59:53.332966] Downloading droplet... (STDOUT, CELL)#
#2026 03 16 16:00:00.429#Z#DEBUG#e5bee89f-2150-11f1-bfdc-eeee0a9ef7d2.capmapp-srv#flowable-async-job-executor-thread-8884#
[PollStartAppStatusExecution] 4c02895d-3716-40de-9411-f0f6e1f88a82 [2026-03-16T15:59:56.708031] Downloaded droplet (69M) (STDOUT, CELL)#
#2026 03 16 16:00:00.429#Z#DEBUG#e5bee89f-2150-11f1-bfdc-eeee0a9ef7d2.capmapp-srv#flowable-async-job-executor-thread-8884#
[PollStartAppStatusExecution] 4c02895d-3716-40de-9411-f0f6e1f88a82 [2026-03-16T15:59:56.708224] Starting health monitoring of container (STDOUT, CELL)#
#2026 03 16 16:00:00.429#Z#DEBUG#e5bee89f-2150-11f1-bfdc-eeee0a9ef7d2.capmapp-srv#flowable-async-job-executor-thread-8884#
[PollStartAppStatusExecution] 4c02895d-3716-40de-9411-f0f6e1f88a82 [2026-03-16T15:59:56.795208] Invoking pre-start scripts. (STDOUT, APP/PROC/WEB)#
#2026 03 16 16:00:00.429#Z#DEBUG#e5bee89f-2150-11f1-bfdc-eeee0a9ef7d2.capmapp-srv#flowable-async-job-executor-thread-8884#
[PollStartAppStatusExecution] 4c02895d-3716-40de-9411-f0f6e1f88a82 [2026-03-16T15:59:56.967369] Invoking start command. (STDOUT, APP/PROC/WEB)#
#2026 03 16 16:00:00.429#Z#DEBUG#e5bee89f-2150-11f1-bfdc-eeee0a9ef7d2.capmapp-srv#flowable-async-job-executor-thread-8884#
[PollStartAppStatusExecution] 4c02895d-3716-40de-9411-f0f6e1f88a82 [2026-03-16T15:59:57.299273] > capmapp@1.0.0 start (STDOUT, APP/PROC/WEB)#
#2026 03 16 16:00:00.429#Z#DEBUG#e5bee89f-2150-11f1-bfdc-eeee0a9ef7d2.capmapp-srv#flowable-async-job-executor-thread-8884#
[PollStartAppStatusExecution] 4c02895d-3716-40de-9411-f0f6e1f88a82 [2026-03-16T15:59:57.299294] > node node_modules/@sap/approuter/approuter.js (STDOUT, APP/PROC/WEB)#
#2026 03 16 16:00:00.429#Z#DEBUG#e5bee89f-2150-11f1-bfdc-eeee0a9ef7d2.capmapp-srv#flowable-async-job-executor-thread-8884#
[PollStartAppStatusExecution] 4c02895d-3716-40de-9411-f0f6e1f88a82 [2026-03-16T15:59:57.327043] node:internal/modules/cjs/loader:1423 (STDERR, APP/PROC/WEB)#
#2026 03 16 16:00:00.429#Z#DEBUG#e5bee89f-2150-11f1-bfdc-eeee0a9ef7d2.capmapp-srv#flowable-async-job-executor-thread-8884#
[PollStartAppStatusExecution] 4c02895d-3716-40de-9411-f0f6e1f88a82 [2026-03-16T15:59:57.327065] throw err; (STDERR, APP/PROC/WEB)#
#2026 03 16 16:00:00.429#Z#DEBUG#e5bee89f-2150-11f1-bfdc-eeee0a9ef7d2.capmapp-srv#flowable-async-job-executor-thread-8884#
[PollStartAppStatusExecution] 4c02895d-3716-40de-9411-f0f6e1f88a82 [2026-03-16T15:59:57.327068] ^ (STDERR, APP/PROC/WEB)#
#2026 03 16 16:00:00.429#Z#DEBUG#e5bee89f-2150-11f1-bfdc-eeee0a9ef7d2.capmapp-srv#flowable-async-job-executor-thread-8884#
[PollStartAppStatusExecution] 4c02895d-3716-40de-9411-f0f6e1f88a82 [2026-03-16T15:59:57.327075] Error: Cannot find module '/home/vcap/app/node_modules/@sap/approuter/approuter.js' (STDERR, APP/PROC/WEB)#
#2026 03 16 16:00:00.429#Z#DEBUG#e5bee89f-2150-11f1-bfdc-eeee0a9ef7d2.capmapp-srv#flowable-async-job-executor-thread-8884#
[PollStartAppStatusExecution] 4c02895d-3716-40de-9411-f0f6e1f88a82 [2026-03-16T15:59:57.327078] at Module._resolveFilename (node:internal/modules/cjs/loader:1420:15) (STDERR, APP/PROC/WEB)#
#2026 03 16 16:00:00.429#Z#DEBUG#e5bee89f-2150-11f1-bfdc-eeee0a9ef7d2.capmapp-srv#flowable-async-job-executor-thread-8884#
[PollStartAppStatusExecution] 4c02895d-3716-40de-9411-f0f6e1f88a82 [2026-03-16T15:59:57.327081] at defaultResolveImpl (node:internal/modules/cjs/loader:1058:19) (STDERR, APP/PROC/WEB)#
#2026 03 16 16:00:00.429#Z#DEBUG#e5bee89f-2150-11f1-bfdc-eeee0a9ef7d2.capmapp-srv#flowable-async-job-executor-thread-8884#
[PollStartAppStatusExecution] 4c02895d-3716-40de-9411-f0f6e1f88a82 [2026-03-16T15:59:57.327084] at resolveForCJSWithHooks (node:internal/modules/cjs/loader:1063:22) (STDERR, APP/PROC/WEB)#
#2026 03 16 16:00:00.429#Z#DEBUG#e5bee89f-2150-11f1-bfdc-eeee0a9ef7d2.capmapp-srv#flowable-async-job-executor-thread-8884#
[PollStartAppStatusExecution] 4c02895d-3716-40de-9411-f0f6e1f88a82 [2026-03-16T15:59:57.327087] at Module._load (node:internal/modules/cjs/loader:1226:37) (STDERR, APP/PROC/WEB)#
#2026 03 16 16:00:00.429#Z#DEBUG#e5bee89f-2150-11f1-bfdc-eeee0a9ef7d2.capmapp-srv#flowable-async-job-executor-thread-8884#
[PollStartAppStatusExecution] 4c02895d-3716-40de-9411-f0f6e1f88a82 [2026-03-16T15:59:57.327089] at TracingChannel.traceSync (node:diagnostics_channel:328:14) (STDERR, APP/PROC/WEB)#
#2026 03 16 16:00:00.429#Z#DEBUG#e5bee89f-2150-11f1-bfdc-eeee0a9ef7d2.capmapp-srv#flowable-async-job-executor-thread-8884#
[PollStartAppStatusExecution] 4c02895d-3716-40de-9411-f0f6e1f88a82 [2026-03-16T15:59:57.327092] at wrapModuleLoad (node:internal/modules/cjs/loader:244:24) (STDERR, APP/PROC/WEB)#
#2026 03 16 16:00:00.429#Z#DEBUG#e5bee89f-2150-11f1-bfdc-eeee0a9ef7d2.capmapp-srv#flowable-async-job-executor-thread-8884#
[PollStartAppStatusExecution] 4c02895d-3716-40de-9411-f0f6e1f88a82 [2026-03-16T15:59:57.327094] at Module.executeUserEntryPoint [as runMain] (node:internal/modules/run_main:154:5) (STDERR, APP/PROC/WEB)#
#2026 03 16 16:00:00.429#Z#DEBUG#e5bee89f-2150-11f1-bfdc-eeee0a9ef7d2.capmapp-srv#flowable-async-job-executor-thread-8884#
[PollStartAppStatusExecution] 4c02895d-3716-40de-9411-f0f6e1f88a82 [2026-03-16T15:59:57.327096] at node:internal/main/run_main_module:33:47 { (STDERR, APP/PROC/WEB)#
#2026 03 16 16:00:00.429#Z#DEBUG#e5bee89f-2150-11f1-bfdc-eeee0a9ef7d2.capmapp-srv#flowable-async-job-executor-thread-8884#
[PollStartAppStatusExecution] 4c02895d-3716-40de-9411-f0f6e1f88a82 [2026-03-16T15:59:57.327099] code: 'MODULE_NOT_FOUND', (STDERR, APP/PROC/WEB)#
#2026 03 16 16:00:00.429#Z#DEBUG#e5bee89f-2150-11f1-bfdc-eeee0a9ef7d2.capmapp-srv#flowable-async-job-executor-thread-8884#
[PollStartAppStatusExecution] 4c02895d-3716-40de-9411-f0f6e1f88a82 [2026-03-16T15:59:57.327101] requireStack: [] (STDERR, APP/PROC/WEB)#
#2026 03 16 16:00:00.429#Z#DEBUG#e5bee89f-2150-11f1-bfdc-eeee0a9ef7d2.capmapp-srv#flowable-async-job-executor-thread-8884#
[PollStartAppStatusExecution] 4c02895d-3716-40de-9411-f0f6e1f88a82 [2026-03-16T15:59:57.327104] } (STDERR, APP/PROC/WEB)#
#2026 03 16 16:00:00.429#Z#DEBUG#e5bee89f-2150-11f1-bfdc-eeee0a9ef7d2.capmapp-srv#flowable-async-job-executor-thread-8884#
[PollStartAppStatusExecution] 4c02895d-3716-40de-9411-f0f6e1f88a82 [2026-03-16T15:59:57.327106] Node.js v24.10.0 (STDERR, APP/PROC/WEB)#
#2026 03 16 16:00:00.429#Z#DEBUG#e5bee89f-2150-11f1-bfdc-eeee0a9ef7d2.capmapp-srv#flowable-async-job-executor-thread-8884#
[PollStartAppStatusExecution] 4c02895d-3716-40de-9411-f0f6e1f88a82 [2026-03-16T15:59:57.404771] Exit status 1 (STDOUT, APP/PROC/WEB)#
#2026 03 16 16:00:11.081#Z#DEBUG#e5bee89f-2150-11f1-bfdc-eeee0a9ef7d2.capmapp-srv#flowable-async-job-executor-thread-9613#
[PollStartAppStatusExecution] 4c02895d-3716-40de-9411-f0f6e1f88a82 [2026-03-16T16:00:04.011197] Process has crashed with type: "web" (STDOUT, API)#
#2026 03 16 16:00:11.081#Z#DEBUG#e5bee89f-2150-11f1-bfdc-eeee0a9ef7d2.capmapp-srv#flowable-async-job-executor-thread-9613#
[PollStartAppStatusExecution] 4c02895d-3716-40de-9411-f0f6e1f88a82 [2026-03-16T16:00:04.024679] App instance exited with guid 4c02895d-3716-40de-9411-f0f6e1f88a82 payload: {"instance"=>"0e4cfa89-1424-49be-75e6-12c3", "index"=>0, "cell_id"=>"77283d80-dfa7-40ba-ba4e-265aef112085", "reason"=>"CRASHED", "exit_description"=>"APP/PROC/WEB: Exited with status 1", "crash_count"=>1, "crash_timestamp"=>1773676803985594588, "version"=>"9c5838d7-2324-4539-bea4-f5e2470ebe74"} (STDOUT, API)#
#2026 03 16 16:00:11.081#Z#DEBUG#e5bee89f-2150-11f1-bfdc-eeee0a9ef7d2.capmapp-srv#flowable-async-job-executor-thread-9613#
[PollStartAppStatusExecution] 4c02895d-3716-40de-9411-f0f6e1f88a82 [2026-03-16T16:00:04.058735] Cell 77283d80-dfa7-40ba-ba4e-265aef112085 stopping instance 0e4cfa89-1424-49be-75e6-12c3 (STDOUT, CELL)#
#2026 03 16 16:00:11.081#Z#DEBUG#e5bee89f-2150-11f1-bfdc-eeee0a9ef7d2.capmapp-srv#flowable-async-job-executor-thread-9613#
[PollStartAppStatusExecution] 4c02895d-3716-40de-9411-f0f6e1f88a82 [2026-03-16T16:00:04.058779] Cell 77283d80-dfa7-40ba-ba4e-265aef112085 destroying container for instance 0e4cfa89-1424-49be-75e6-12c3 (STDOUT, CELL)#
#2026 03 16 16:00:11.081#Z#DEBUG#e5bee89f-2150-11f1-bfdc-eeee0a9ef7d2.capmapp-srv#flowable-async-job-executor-thread-9613#
[PollStartAppStatusExecution] 4c02895d-3716-40de-9411-f0f6e1f88a82 [2026-03-16T16:00:04.078441] Cell c839c7b1-088e-41af-b9b7-66256aacd457 creating container for instance 934ed1c7-e39c-4e0d-6a87-9c60 (STDOUT, CELL)#
#2026 03 16 16:00:11.081#Z#DEBUG#e5bee89f-2150-11f1-bfdc-eeee0a9ef7d2.capmapp-srv#flowable-async-job-executor-thread-9613#
[PollStartAppStatusExecution] 4c02895d-3716-40de-9411-f0f6e1f88a82 [2026-03-16T16:00:04.216419] Exit status 137 (STDOUT, PROXY)#
#2026 03 16 16:00:11.081#Z#DEBUG#e5bee89f-2150-11f1-bfdc-eeee0a9ef7d2.capmapp-srv#flowable-async-job-executor-thread-9613#
[PollStartAppStatusExecution] 4c02895d-3716-40de-9411-f0f6e1f88a82 [2026-03-16T16:00:04.578599] Security group rules were updated (STDOUT, CELL)#
#2026 03 16 16:00:11.081#Z#DEBUG#e5bee89f-2150-11f1-bfdc-eeee0a9ef7d2.capmapp-srv#flowable-async-job-executor-thread-9613#
[PollStartAppStatusExecution] 4c02895d-3716-40de-9411-f0f6e1f88a82 [2026-03-16T16:00:04.733795] Cell c839c7b1-088e-41af-b9b7-66256aacd457 successfully created container for instance 934ed1c7-e39c-4e0d-6a87-9c60 (STDOUT, CELL)#
#2026 03 16 16:00:11.081#Z#DEBUG#e5bee89f-2150-11f1-bfdc-eeee0a9ef7d2.capmapp-srv#flowable-async-job-executor-thread-9613#
[PollStartAppStatusExecution] 4c02895d-3716-40de-9411-f0f6e1f88a82 [2026-03-16T16:00:05.037533] Downloading droplet... (STDOUT, CELL)#
#2026 03 16 16:00:11.081#Z#DEBUG#e5bee89f-2150-11f1-bfdc-eeee0a9ef7d2.capmapp-srv#flowable-async-job-executor-thread-9613#
[PollStartAppStatusExecution] 4c02895d-3716-40de-9411-f0f6e1f88a82 [2026-03-16T16:00:06.802958] Cell 77283d80-dfa7-40ba-ba4e-265aef112085 successfully destroyed container for instance 0e4cfa89-1424-49be-75e6-12c3 (STDOUT, CELL)#
#2026 03 16 16:00:11.081#Z#DEBUG#e5bee89f-2150-11f1-bfdc-eeee0a9ef7d2.capmapp-srv#flowable-async-job-executor-thread-9613#
[PollStartAppStatusExecution] 4c02895d-3716-40de-9411-f0f6e1f88a82 [2026-03-16T16:00:08.424716] Downloaded droplet (69M) (STDOUT, CELL)#
#2026 03 16 16:00:11.081#Z#DEBUG#e5bee89f-2150-11f1-bfdc-eeee0a9ef7d2.capmapp-srv#flowable-async-job-executor-thread-9613#
[PollStartAppStatusExecution] 4c02895d-3716-40de-9411-f0f6e1f88a82 [2026-03-16T16:00:08.424861] Starting health monitoring of container (STDOUT, CELL)#
#2026 03 16 16:00:11.081#Z#DEBUG#e5bee89f-2150-11f1-bfdc-eeee0a9ef7d2.capmapp-srv#flowable-async-job-executor-thread-9613#
[PollStartAppStatusExecution] 4c02895d-3716-40de-9411-f0f6e1f88a82 [2026-03-16T16:00:08.503619] Invoking pre-start scripts. (STDOUT, APP/PROC/WEB)#
#2026 03 16 16:00:11.081#Z#DEBUG#e5bee89f-2150-11f1-bfdc-eeee0a9ef7d2.capmapp-srv#flowable-async-job-executor-thread-9613#
[PollStartAppStatusExecution] 4c02895d-3716-40de-9411-f0f6e1f88a82 [2026-03-16T16:00:08.662356] Invoking start command. (STDOUT, APP/PROC/WEB)#
#2026 03 16 16:00:11.081#Z#DEBUG#e5bee89f-2150-11f1-bfdc-eeee0a9ef7d2.capmapp-srv#flowable-async-job-executor-thread-9613#
[PollStartAppStatusExecution] 4c02895d-3716-40de-9411-f0f6e1f88a82 [2026-03-16T16:00:08.998682] > capmapp@1.0.0 start (STDOUT, APP/PROC/WEB)#
#2026 03 16 16:00:11.081#Z#DEBUG#e5bee89f-2150-11f1-bfdc-eeee0a9ef7d2.capmapp-srv#flowable-async-job-executor-thread-9613#
[PollStartAppStatusExecution] 4c02895d-3716-40de-9411-f0f6e1f88a82 [2026-03-16T16:00:08.998706] > node node_modules/@sap/approuter/approuter.js (STDOUT, APP/PROC/WEB)#
#2026 03 16 16:00:11.081#Z#DEBUG#e5bee89f-2150-11f1-bfdc-eeee0a9ef7d2.capmapp-srv#flowable-async-job-executor-thread-9613#
[PollStartAppStatusExecution] 4c02895d-3716-40de-9411-f0f6e1f88a82 [2026-03-16T16:00:09.030300] node:internal/modules/cjs/loader:1423 (STDERR, APP/PROC/WEB)#
#2026 03 16 16:00:11.081#Z#DEBUG#e5bee89f-2150-11f1-bfdc-eeee0a9ef7d2.capmapp-srv#flowable-async-job-executor-thread-9613#
[PollStartAppStatusExecution] 4c02895d-3716-40de-9411-f0f6e1f88a82 [2026-03-16T16:00:09.030326] throw err; (STDERR, APP/PROC/WEB)#
#2026 03 16 16:00:11.081#Z#DEBUG#e5bee89f-2150-11f1-bfdc-eeee0a9ef7d2.capmapp-srv#flowable-async-job-executor-thread-9613#
[PollStartAppStatusExecution] 4c02895d-3716-40de-9411-f0f6e1f88a82 [2026-03-16T16:00:09.030329] ^ (STDERR, APP/PROC/WEB)#
#2026 03 16 16:00:11.081#Z#DEBUG#e5bee89f-2150-11f1-bfdc-eeee0a9ef7d2.capmapp-srv#flowable-async-job-executor-thread-9613#
[PollStartAppStatusExecution] 4c02895d-3716-40de-9411-f0f6e1f88a82 [2026-03-16T16:00:09.030333] Error: Cannot find module '/home/vcap/app/node_modules/@sap/approuter/approuter.js' (STDERR, APP/PROC/WEB)#
#2026 03 16 16:00:11.081#Z#DEBUG#e5bee89f-2150-11f1-bfdc-eeee0a9ef7d2.capmapp-srv#flowable-async-job-executor-thread-9613#
[PollStartAppStatusExecution] 4c02895d-3716-40de-9411-f0f6e1f88a82 [2026-03-16T16:00:09.030337] at Module._resolveFilename (node:internal/modules/cjs/loader:1420:15) (STDERR, APP/PROC/WEB)#
#2026 03 16 16:00:11.081#Z#DEBUG#e5bee89f-2150-11f1-bfdc-eeee0a9ef7d2.capmapp-srv#flowable-async-job-executor-thread-9613#
[PollStartAppStatusExecution] 4c02895d-3716-40de-9411-f0f6e1f88a82 [2026-03-16T16:00:09.030339] at defaultResolveImpl (node:internal/modules/cjs/loader:1058:19) (STDERR, APP/PROC/WEB)#
#2026 03 16 16:00:11.081#Z#DEBUG#e5bee89f-2150-11f1-bfdc-eeee0a9ef7d2.capmapp-srv#flowable-async-job-executor-thread-9613#
[PollStartAppStatusExecution] 4c02895d-3716-40de-9411-f0f6e1f88a82 [2026-03-16T16:00:09.030341] at resolveForCJSWithHooks (node:internal/modules/cjs/loader:1063:22) (STDERR, APP/PROC/WEB)#
#2026 03 16 16:00:11.081#Z#DEBUG#e5bee89f-2150-11f1-bfdc-eeee0a9ef7d2.capmapp-srv#flowable-async-job-executor-thread-9613#
[PollStartAppStatusExecution] 4c02895d-3716-40de-9411-f0f6e1f88a82 [2026-03-16T16:00:09.030344] at Module._load (node:internal/modules/cjs/loader:1226:37) (STDERR, APP/PROC/WEB)#
#2026 03 16 16:00:11.081#Z#DEBUG#e5bee89f-2150-11f1-bfdc-eeee0a9ef7d2.capmapp-srv#flowable-async-job-executor-thread-9613#
[PollStartAppStatusExecution] 4c02895d-3716-40de-9411-f0f6e1f88a82 [2026-03-16T16:00:09.030347] at TracingChannel.traceSync (node:diagnostics_channel:328:14) (STDERR, APP/PROC/WEB)#
#2026 03 16 16:00:11.082#Z#DEBUG#e5bee89f-2150-11f1-bfdc-eeee0a9ef7d2.capmapp-srv#flowable-async-job-executor-thread-9613#
[PollStartAppStatusExecution] 4c02895d-3716-40de-9411-f0f6e1f88a82 [2026-03-16T16:00:09.030350] at wrapModuleLoad (node:internal/modules/cjs/loader:244:24) (STDERR, APP/PROC/WEB)#
#2026 03 16 16:00:11.082#Z#DEBUG#e5bee89f-2150-11f1-bfdc-eeee0a9ef7d2.capmapp-srv#flowable-async-job-executor-thread-9613#
[PollStartAppStatusExecution] 4c02895d-3716-40de-9411-f0f6e1f88a82 [2026-03-16T16:00:09.030353] at Module.executeUserEntryPoint [as runMain] (node:internal/modules/run_main:154:5) (STDERR, APP/PROC/WEB)#
#2026 03 16 16:00:11.082#Z#DEBUG#e5bee89f-2150-11f1-bfdc-eeee0a9ef7d2.capmapp-srv#flowable-async-job-executor-thread-9613#
[PollStartAppStatusExecution] 4c02895d-3716-40de-9411-f0f6e1f88a82 [2026-03-16T16:00:09.030359] at node:internal/main/run_main_module:33:47 { (STDERR, APP/PROC/WEB)#
#2026 03 16 16:00:11.082#Z#DEBUG#e5bee89f-2150-11f1-bfdc-eeee0a9ef7d2.capmapp-srv#flowable-async-job-executor-thread-9613#
[PollStartAppStatusExecution] 4c02895d-3716-40de-9411-f0f6e1f88a82 [2026-03-16T16:00:09.030365] code: 'MODULE_NOT_FOUND', (STDERR, APP/PROC/WEB)#
#2026 03 16 16:00:11.082#Z#DEBUG#e5bee89f-2150-11f1-bfdc-eeee0a9ef7d2.capmapp-srv#flowable-async-job-executor-thread-9613#
[PollStartAppStatusExecution] 4c02895d-3716-40de-9411-f0f6e1f88a82 [2026-03-16T16:00:09.030367] requireStack: [] (STDERR, APP/PROC/WEB)#
#2026 03 16 16:00:11.082#Z#DEBUG#e5bee89f-2150-11f1-bfdc-eeee0a9ef7d2.capmapp-srv#flowable-async-job-executor-thread-9613#
[PollStartAppStatusExecution] 4c02895d-3716-40de-9411-f0f6e1f88a82 [2026-03-16T16:00:09.030370] } (STDERR, APP/PROC/WEB)#
#2026 03 16 16:00:11.082#Z#DEBUG#e5bee89f-2150-11f1-bfdc-eeee0a9ef7d2.capmapp-srv#flowable-async-job-executor-thread-9613#
[PollStartAppStatusExecution] 4c02895d-3716-40de-9411-f0f6e1f88a82 [2026-03-16T16:00:09.030373] Node.js v24.10.0 (STDERR, APP/PROC/WEB)#
#2026 03 16 16:00:11.082#Z#DEBUG#e5bee89f-2150-11f1-bfdc-eeee0a9ef7d2.capmapp-srv#flowable-async-job-executor-thread-9613#
[PollStartAppStatusExecution] 4c02895d-3716-40de-9411-f0f6e1f88a82 [2026-03-16T16:00:09.100976] Exit status 1 (STDOUT, APP/PROC/WEB)#
#2026 03 16 16:00:20.920#Z#DEBUG#e5bee89f-2150-11f1-bfdc-eeee0a9ef7d2.capmapp-srv#flowable-async-job-executor-thread-9624#
[PollStartAppStatusExecution] 4c02895d-3716-40de-9411-f0f6e1f88a82 [2026-03-16T16:00:15.428694] Cell c839c7b1-088e-41af-b9b7-66256aacd457 stopping instance 934ed1c7-e39c-4e0d-6a87-9c60 (STDOUT, CELL)#
#2026 03 16 16:00:20.920#Z#DEBUG#e5bee89f-2150-11f1-bfdc-eeee0a9ef7d2.capmapp-srv#flowable-async-job-executor-thread-9624#
[PollStartAppStatusExecution] 4c02895d-3716-40de-9411-f0f6e1f88a82 [2026-03-16T16:00:15.428740] Cell c839c7b1-088e-41af-b9b7-66256aacd457 destroying container for instance 934ed1c7-e39c-4e0d-6a87-9c60 (STDOUT, CELL)#
#2026 03 16 16:00:20.920#Z#DEBUG#e5bee89f-2150-11f1-bfdc-eeee0a9ef7d2.capmapp-srv#flowable-async-job-executor-thread-9624#
[PollStartAppStatusExecution] 4c02895d-3716-40de-9411-f0f6e1f88a82 [2026-03-16T16:00:15.440813] Process has crashed with type: "web" (STDOUT, API)#
#2026 03 16 16:00:20.920#Z#DEBUG#e5bee89f-2150-11f1-bfdc-eeee0a9ef7d2.capmapp-srv#flowable-async-job-executor-thread-9624#
[PollStartAppStatusExecution] 4c02895d-3716-40de-9411-f0f6e1f88a82 [2026-03-16T16:00:15.453016] App instance exited with guid 4c02895d-3716-40de-9411-f0f6e1f88a82 payload: {"instance"=>"934ed1c7-e39c-4e0d-6a87-9c60", "index"=>0, "cell_id"=>"c839c7b1-088e-41af-b9b7-66256aacd457", "reason"=>"CRASHED", "exit_description"=>"APP/PROC/WEB: Exited with status 1", "crash_count"=>2, "crash_timestamp"=>1773676815412796608, "version"=>"9c5838d7-2324-4539-bea4-f5e2470ebe74"} (STDOUT, API)#
#2026 03 16 16:00:20.920#Z#DEBUG#e5bee89f-2150-11f1-bfdc-eeee0a9ef7d2.capmapp-srv#flowable-async-job-executor-thread-9624#
[PollStartAppStatusExecution] 4c02895d-3716-40de-9411-f0f6e1f88a82 [2026-03-16T16:00:15.534097] Cell d1cc041a-d5a1-41d6-b9f6-6cda736ce3f0 creating container for instance 0b739448-82fe-4f73-6c47-df7d (STDOUT, CELL)#
#2026 03 16 16:00:20.920#Z#DEBUG#e5bee89f-2150-11f1-bfdc-eeee0a9ef7d2.capmapp-srv#flowable-async-job-executor-thread-9624#
[PollStartAppStatusExecution] 4c02895d-3716-40de-9411-f0f6e1f88a82 [2026-03-16T16:00:15.566022] Exit status 137 (STDOUT, PROXY)#
#2026 03 16 16:00:20.920#Z#DEBUG#e5bee89f-2150-11f1-bfdc-eeee0a9ef7d2.capmapp-srv#flowable-async-job-executor-thread-9624#
[PollStartAppStatusExecution] 4c02895d-3716-40de-9411-f0f6e1f88a82 [2026-03-16T16:00:16.004833] Security group rules were updated (STDOUT, CELL)#
#2026 03 16 16:00:20.920#Z#DEBUG#e5bee89f-2150-11f1-bfdc-eeee0a9ef7d2.capmapp-srv#flowable-async-job-executor-thread-9624#
[PollStartAppStatusExecution] 4c02895d-3716-40de-9411-f0f6e1f88a82 [2026-03-16T16:00:16.066247] Cell d1cc041a-d5a1-41d6-b9f6-6cda736ce3f0 successfully created container for instance 0b739448-82fe-4f73-6c47-df7d (STDOUT, CELL)#
#2026 03 16 16:00:20.920#Z#DEBUG#e5bee89f-2150-11f1-bfdc-eeee0a9ef7d2.capmapp-srv#flowable-async-job-executor-thread-9624#
[PollStartAppStatusExecution] 4c02895d-3716-40de-9411-f0f6e1f88a82 [2026-03-16T16:00:16.512646] Downloading droplet... (STDOUT, CELL)#
#2026 03 16 16:00:20.920#Z#DEBUG#e5bee89f-2150-11f1-bfdc-eeee0a9ef7d2.capmapp-srv#flowable-async-job-executor-thread-9624#
[PollStartAppStatusExecution] 4c02895d-3716-40de-9411-f0f6e1f88a82 [2026-03-16T16:00:17.256843] Cell c839c7b1-088e-41af-b9b7-66256aacd457 successfully destroyed container for instance 934ed1c7-e39c-4e0d-6a87-9c60 (STDOUT, CELL)#
#2026 03 16 16:00:20.920#Z#DEBUG#e5bee89f-2150-11f1-bfdc-eeee0a9ef7d2.capmapp-srv#flowable-async-job-executor-thread-9624#
[PollStartAppStatusExecution] 4c02895d-3716-40de-9411-f0f6e1f88a82 [2026-03-16T16:00:19.970980] Downloaded droplet (69M) (STDOUT, CELL)#
#2026 03 16 16:00:20.920#Z#DEBUG#e5bee89f-2150-11f1-bfdc-eeee0a9ef7d2.capmapp-srv#flowable-async-job-executor-thread-9624#
[PollStartAppStatusExecution] 4c02895d-3716-40de-9411-f0f6e1f88a82 [2026-03-16T16:00:19.971126] Starting health monitoring of container (STDOUT, CELL)#
#2026 03 16 16:00:20.920#Z#DEBUG#e5bee89f-2150-11f1-bfdc-eeee0a9ef7d2.capmapp-srv#flowable-async-job-executor-thread-9624#
[PollStartAppStatusExecution] 4c02895d-3716-40de-9411-f0f6e1f88a82 [2026-03-16T16:00:20.051135] Invoking pre-start scripts. (STDOUT, APP/PROC/WEB)#
#2026 03 16 16:00:20.920#Z#DEBUG#e5bee89f-2150-11f1-bfdc-eeee0a9ef7d2.capmapp-srv#flowable-async-job-executor-thread-9624#
[PollStartAppStatusExecution] 4c02895d-3716-40de-9411-f0f6e1f88a82 [2026-03-16T16:00:20.229106] Invoking start command. (STDOUT, APP/PROC/WEB)#
#2026 03 16 16:00:30.994#Z#DEBUG#e5bee89f-2150-11f1-bfdc-eeee0a9ef7d2.capmapp-srv#flowable-async-job-executor-thread-9631#
[PollStartAppStatusExecution] 4c02895d-3716-40de-9411-f0f6e1f88a82 [2026-03-16T16:00:20.569133] > capmapp@1.0.0 start (STDOUT, APP/PROC/WEB)#
#2026 03 16 16:00:30.994#Z#DEBUG#e5bee89f-2150-11f1-bfdc-eeee0a9ef7d2.capmapp-srv#flowable-async-job-executor-thread-9631#
[PollStartAppStatusExecution] 4c02895d-3716-40de-9411-f0f6e1f88a82 [2026-03-16T16:00:20.569155] > node node_modules/@sap/approuter/approuter.js (STDOUT, APP/PROC/WEB)#
#2026 03 16 16:00:30.994#Z#DEBUG#e5bee89f-2150-11f1-bfdc-eeee0a9ef7d2.capmapp-srv#flowable-async-job-executor-thread-9631#
[PollStartAppStatusExecution] 4c02895d-3716-40de-9411-f0f6e1f88a82 [2026-03-16T16:00:20.599276] node:internal/modules/cjs/loader:1423 (STDERR, APP/PROC/WEB)#
#2026 03 16 16:00:30.994#Z#DEBUG#e5bee89f-2150-11f1-bfdc-eeee0a9ef7d2.capmapp-srv#flowable-async-job-executor-thread-9631#
[PollStartAppStatusExecution] 4c02895d-3716-40de-9411-f0f6e1f88a82 [2026-03-16T16:00:20.599302] throw err; (STDERR, APP/PROC/WEB)#
#2026 03 16 16:00:30.994#Z#DEBUG#e5bee89f-2150-11f1-bfdc-eeee0a9ef7d2.capmapp-srv#flowable-async-job-executor-thread-9631#
[PollStartAppStatusExecution] 4c02895d-3716-40de-9411-f0f6e1f88a82 [2026-03-16T16:00:20.599305] ^ (STDERR, APP/PROC/WEB)#
#2026 03 16 16:00:30.994#Z#DEBUG#e5bee89f-2150-11f1-bfdc-eeee0a9ef7d2.capmapp-srv#flowable-async-job-executor-thread-9631#
[PollStartAppStatusExecution] 4c02895d-3716-40de-9411-f0f6e1f88a82 [2026-03-16T16:00:20.599309] Error: Cannot find module '/home/vcap/app/node_modules/@sap/approuter/approuter.js' (STDERR, APP/PROC/WEB)#
#2026 03 16 16:00:30.994#Z#DEBUG#e5bee89f-2150-11f1-bfdc-eeee0a9ef7d2.capmapp-srv#flowable-async-job-executor-thread-9631#
[PollStartAppStatusExecution] 4c02895d-3716-40de-9411-f0f6e1f88a82 [2026-03-16T16:00:20.599320] at Module._resolveFilename (node:internal/modules/cjs/loader:1420:15) (STDERR, APP/PROC/WEB)#
#2026 03 16 16:00:30.994#Z#DEBUG#e5bee89f-2150-11f1-bfdc-eeee0a9ef7d2.capmapp-srv#flowable-async-job-executor-thread-9631#
[PollStartAppStatusExecution] 4c02895d-3716-40de-9411-f0f6e1f88a82 [2026-03-16T16:00:20.599324] at defaultResolveImpl (node:internal/modules/cjs/loader:1058:19) (STDERR, APP/PROC/WEB)#
#2026 03 16 16:00:30.994#Z#DEBUG#e5bee89f-2150-11f1-bfdc-eeee0a9ef7d2.capmapp-srv#flowable-async-job-executor-thread-9631#
[PollStartAppStatusExecution] 4c02895d-3716-40de-9411-f0f6e1f88a82 [2026-03-16T16:00:20.599331] at resolveForCJSWithHooks (node:internal/modules/cjs/loader:1063:22) (STDERR, APP/PROC/WEB)#
#2026 03 16 16:00:30.994#Z#DEBUG#e5bee89f-2150-11f1-bfdc-eeee0a9ef7d2.capmapp-srv#flowable-async-job-executor-thread-9631#
[PollStartAppStatusExecution] 4c02895d-3716-40de-9411-f0f6e1f88a82 [2026-03-16T16:00:20.599335] at Module._load (node:internal/modules/cjs/loader:1226:37) (STDERR, APP/PROC/WEB)#
#2026 03 16 16:00:30.994#Z#DEBUG#e5bee89f-2150-11f1-bfdc-eeee0a9ef7d2.capmapp-srv#flowable-async-job-executor-thread-9631#
[PollStartAppStatusExecution] 4c02895d-3716-40de-9411-f0f6e1f88a82 [2026-03-16T16:00:20.599337] at TracingChannel.traceSync (node:diagnostics_channel:328:14) (STDERR, APP/PROC/WEB)#
#2026 03 16 16:00:30.994#Z#DEBUG#e5bee89f-2150-11f1-bfdc-eeee0a9ef7d2.capmapp-srv#flowable-async-job-executor-thread-9631#
[PollStartAppStatusExecution] 4c02895d-3716-40de-9411-f0f6e1f88a82 [2026-03-16T16:00:20.599345] at wrapModuleLoad (node:internal/modules/cjs/loader:244:24) (STDERR, APP/PROC/WEB)#
#2026 03 16 16:00:30.994#Z#DEBUG#e5bee89f-2150-11f1-bfdc-eeee0a9ef7d2.capmapp-srv#flowable-async-job-executor-thread-9631#
[PollStartAppStatusExecution] 4c02895d-3716-40de-9411-f0f6e1f88a82 [2026-03-16T16:00:20.599349] at Module.executeUserEntryPoint [as runMain] (node:internal/modules/run_main:154:5) (STDERR, APP/PROC/WEB)#
#2026 03 16 16:00:30.994#Z#DEBUG#e5bee89f-2150-11f1-bfdc-eeee0a9ef7d2.capmapp-srv#flowable-async-job-executor-thread-9631#
[PollStartAppStatusExecution] 4c02895d-3716-40de-9411-f0f6e1f88a82 [2026-03-16T16:00:20.599351] at node:internal/main/run_main_module:33:47 { (STDERR, APP/PROC/WEB)#
#2026 03 16 16:00:30.995#Z#DEBUG#e5bee89f-2150-11f1-bfdc-eeee0a9ef7d2.capmapp-srv#flowable-async-job-executor-thread-9631#
[PollStartAppStatusExecution] 4c02895d-3716-40de-9411-f0f6e1f88a82 [2026-03-16T16:00:20.599355] code: 'MODULE_NOT_FOUND', (STDERR, APP/PROC/WEB)#
#2026 03 16 16:00:30.995#Z#DEBUG#e5bee89f-2150-11f1-bfdc-eeee0a9ef7d2.capmapp-srv#flowable-async-job-executor-thread-9631#
[PollStartAppStatusExecution] 4c02895d-3716-40de-9411-f0f6e1f88a82 [2026-03-16T16:00:20.599358] requireStack: [] (STDERR, APP/PROC/WEB)#
#2026 03 16 16:00:30.995#Z#DEBUG#e5bee89f-2150-11f1-bfdc-eeee0a9ef7d2.capmapp-srv#flowable-async-job-executor-thread-9631#
[PollStartAppStatusExecution] 4c02895d-3716-40de-9411-f0f6e1f88a82 [2026-03-16T16:00:20.599360] } (STDERR, APP/PROC/WEB)#
#2026 03 16 16:00:30.995#Z#DEBUG#e5bee89f-2150-11f1-bfdc-eeee0a9ef7d2.capmapp-srv#flowable-async-job-executor-thread-9631#
[PollStartAppStatusExecution] 4c02895d-3716-40de-9411-f0f6e1f88a82 [2026-03-16T16:00:20.599362] Node.js v24.10.0 (STDERR, APP/PROC/WEB)#
#2026 03 16 16:00:30.995#Z#DEBUG#e5bee89f-2150-11f1-bfdc-eeee0a9ef7d2.capmapp-srv#flowable-async-job-executor-thread-9631#
[PollStartAppStatusExecution] 4c02895d-3716-40de-9411-f0f6e1f88a82 [2026-03-16T16:00:20.668276] Exit status 1 (STDOUT, APP/PROC/WEB)#
#2026 03 16 16:00:30.995#Z#DEBUG#e5bee89f-2150-11f1-bfdc-eeee0a9ef7d2.capmapp-srv#flowable-async-job-executor-thread-9631#
[PollStartAppStatusExecution] 4c02895d-3716-40de-9411-f0f6e1f88a82 [2026-03-16T16:00:26.894274] Cell d1cc041a-d5a1-41d6-b9f6-6cda736ce3f0 stopping instance 0b739448-82fe-4f73-6c47-df7d (STDOUT, CELL)#
#2026 03 16 16:00:30.995#Z#DEBUG#e5bee89f-2150-11f1-bfdc-eeee0a9ef7d2.capmapp-srv#flowable-async-job-executor-thread-9631#
[PollStartAppStatusExecution] 4c02895d-3716-40de-9411-f0f6e1f88a82 [2026-03-16T16:00:26.894305] Cell d1cc041a-d5a1-41d6-b9f6-6cda736ce3f0 destroying container for instance 0b739448-82fe-4f73-6c47-df7d (STDOUT, CELL)#
#2026 03 16 16:00:30.995#Z#DEBUG#e5bee89f-2150-11f1-bfdc-eeee0a9ef7d2.capmapp-srv#flowable-async-job-executor-thread-9631#
[PollStartAppStatusExecution] 4c02895d-3716-40de-9411-f0f6e1f88a82 [2026-03-16T16:00:26.912045] Process has crashed with type: "web" (STDOUT, API)#
#2026 03 16 16:00:30.995#Z#DEBUG#e5bee89f-2150-11f1-bfdc-eeee0a9ef7d2.capmapp-srv#flowable-async-job-executor-thread-9631#
[PollStartAppStatusExecution] 4c02895d-3716-40de-9411-f0f6e1f88a82 [2026-03-16T16:00:26.925773] App instance exited with guid 4c02895d-3716-40de-9411-f0f6e1f88a82 payload: {"instance"=>"0b739448-82fe-4f73-6c47-df7d", "index"=>0, "cell_id"=>"d1cc041a-d5a1-41d6-b9f6-6cda736ce3f0", "reason"=>"CRASHED", "exit_description"=>"APP/PROC/WEB: Exited with status 1", "crash_count"=>3, "crash_timestamp"=>1773676826890997082, "version"=>"9c5838d7-2324-4539-bea4-f5e2470ebe74"} (STDOUT, API)#
#2026 03 16 16:00:30.995#Z#DEBUG#e5bee89f-2150-11f1-bfdc-eeee0a9ef7d2.capmapp-srv#flowable-async-job-executor-thread-9631#
[PollStartAppStatusExecution] 4c02895d-3716-40de-9411-f0f6e1f88a82 [2026-03-16T16:00:27.044488] Exit status 137 (STDOUT, PROXY)#
#2026 03 16 16:00:30.995#Z#DEBUG#e5bee89f-2150-11f1-bfdc-eeee0a9ef7d2.capmapp-srv#flowable-async-job-executor-thread-9631#
[PollStartAppStatusExecution] 4c02895d-3716-40de-9411-f0f6e1f88a82 [2026-03-16T16:00:28.679350] Cell d1cc041a-d5a1-41d6-b9f6-6cda736ce3f0 successfully destroyed container for instance 0b739448-82fe-4f73-6c47-df7d (STDOUT, CELL)#
